================================================================================
Output from JKTLD                      John Southworth   (jkt~astro.keele.ac.uk)
Limb darkening coefficients bilinearly interpolated from published LD tables for
Teff =  3777.0 K    logg = 3.8800 [cm/s^2]    [M/H] =  0.0    Vmicro = 2.0 km/s
--------------------------------------------------------------------------------
'9.9999' indicates unavailable result     '*******' means parameter out of range
Note: the exponential, three-par and four-par laws are not included below. Their
coefficients can be obtained using the option to output results to the terminal.
================================================================================
Linear limb darkening law:  I(mu)/I(0) = 1 - u*(1 - mu)          mu = cos(theta)
Quadratic LD law:           I(mu)/I(0) = 1 - q1*(1 - mu) - q2*(1 - mu)^2        
Logarithmic LD law:         I(mu)/I(0) = 1 - l1*(1 - mu) - l2*mu*ln(mu)         
Square-root LD law:         I(mu)/I(0) = 1 - s1*(1 - mu) - s2*(1 - sqrt[mu])    
Exponential LD law:         I(mu)/I(0) = 1 - e1*(1 - mu) - e2/(1 - exp[mu])     
Sing three-parameter law:   I(mu)/I(0) = 1 - sum_(i=2..4) ti*[1 - mu^(i/2)]     
Claret four-parameter law:  I(mu)/I(0) = 1 - sum_(i=1..4) f_i*[1 - mu^(i/2)]    
--------------------------------------------------------------------------------
Source references for the LD coefficients:                                      
VanHam93a:  Van Hamme (1993AJ....106.2096V)                                     
DiazCo95a:  Diaz-Cordoves+ (1995A+AS..110..329D), Claret+ (1995A+AS..114..247C) 
Claret00a:  Claret (2000A+A...363.1081C)                                        
Claret00p:  Claret (2000A+A...363.1081C)                                        
ClarHa03a:  Claret & Hauschildt (2003A+A...412..241C)                           
Claret04a:  Claret (2004A+A...428.1001C)                                        
Claret04p:  Claret (2004A+A...428.1001C)                                        
Sing2010a:  Sing (2010A+A...510A..21S)                                          
--------------------------------------------------------------------------------
Model atmospheres used by each source:                                          
Source      Mod.atm.    Teffs         logg        [M/H]     Vmicro              
VanHam93a:  ATLAS9   3500 - 50000   0.0 - 5.0      0.0      n/a                 
DiazCo95a:  ATLAS9   3500 - 50000   0.0 - 5.0      0.0      n/a                 
Claret00a:  ATLAS9   3500 - 50000   0.0 - 5.0  -5.0 - +0.5  0,1,2,4,8           
Claret00p:  Phoenix  2000 - 9800    3.5 - 5.0      0.0      2                   
ClarHa03a:  Phoenix  5000 - 10000   3.5 - 5.5      0.0      2                   
Claret04a:  ATLAS9   3500 - 50000   0.0 - 5.0  -5.0 - +1.0  0,1,2,4,8           
Claret04p:  Phoenix  2000 - 9800    3.5 - 5.0      0.0      2                   
Sing2010a:  ATLAS9   3500 - 40000   0.0 - 5.0  -5.0 - +1.0  n/a                 
--------------------------------------------------------------------------------
Available passbands and limb darkening laws:                                    
VanHam93a:  lin      log sqrt                   uvby UBV RcIc RjIj JKLMN        
DiazCo95a:  lin quad     sqrt                   uvby UBV                        
Claret95a:  lin quad     sqrt                            RcIc JHK               
Claret00a:  lin quad log sqrt     4par          uvby UBV RcIc JHK               
Claret00p:  lin quad log sqrt     4par          uvby UBV RcIc JHK               
ClarHa03a:  lin quad log sqrt exp 4par          uvby UBV RcIc JHK               
Claret04a:  lin quad log sqrt     4par          ugriz                           
Claret04p:  lin quad log sqrt     4par          ugriz                           
Sing2010a:  lin quad              4par 3par     CoRoT Kepler                    
================================================================================
  
General overview for linear, log, sqrt laws with quality indicators (VanHam93a):
Passband          u    quality     l1     l2    quality     s1     s2    quality
bo bolometric   0.4333  0.0731   0.5712  0.2061  0.0164   0.1244  0.5156  0.0064
uS Stromgren u  1.0017  0.0751   0.8031 -0.2980  0.0326   1.4479 -0.7442  0.0467
vS Stromgren v  0.8707  0.0361   0.8166 -0.0809  0.0210   0.9917 -0.2018  0.0248
bS Stromgren b  0.9178  0.0304   0.8534 -0.0967  0.0155   1.0636 -0.2423  0.0201
yS Stromgren y  0.7993  0.0322   0.8173  0.0270  0.0136   0.7589  0.0674  0.0123
UJ Johnson U    0.8911  0.0384   0.7970 -0.1404  0.0276   1.1015 -0.3514  0.0343
BJ Johnson B    0.8703  0.0326   0.8292 -0.0611  0.0177   0.9622 -0.1531  0.0206
VJ Johnson V    0.7792  0.0339   0.8107  0.0474  0.0132   0.7080  0.1185  0.0109
RC Cousins R    0.7169  0.0371   0.7742  0.0864  0.0131   0.5870  0.2154  0.0092
RJ Johnson R    0.6777  0.0414   0.7463  0.1027  0.0144   0.5238  0.2573  0.0097
IC Cousins I    0.5832  0.0598   0.6945  0.1676  0.0147   0.3324  0.4184  0.0070
IJ Johnson I    0.5179  0.0705   0.6524  0.2017  0.0149   0.2149  0.5046  0.0053
JJ Johnson J    0.3916  0.0791   0.5431  0.2273  0.0158   0.0511  0.5683  0.0050
KJ Johnson K    0.2687  0.0944   0.4490  0.2706  0.0191  -0.1372  0.6767  0.0061
LJ Johnson L    0.1950  0.0694   0.3250  0.1952  0.0158  -0.0975  0.4877  0.0064
MJ Johnson M    0.1421  0.0465   0.2299  0.1306  0.0108  -0.0535  0.3269  0.0047
NJ Johnson N    0.0980  0.0373   0.1675  0.1033  0.0091  -0.0572  0.2586  0.0041
  
Limb darkening coefficients for the SDSS passbands  (Claret 2004, ATLAS9):      
Passband              u         q1      q2        l1      l1        s1      s2  
Su  Sloan u         0.7945    0.7011  0.1102    0.8286  0.1155    0.5899  0.2708
Sg  Sloan g         0.8235    0.7861  0.0442    0.8396  0.0546    0.7186  0.1388
Sr  Sloan r         0.7808    0.6868  0.1109    0.8114  0.1035    0.6074  0.2295
Si  Sloan i         0.6667    0.4839  0.2157    0.7237  0.1926    0.3544  0.4133
Sz  Sloan z         0.5897    0.3285  0.3083    0.6685  0.2665    0.1685  0.5574
Limb darkening coefficients for the SDSS passbands (Claret 2004, Phoenix):      
Passband              u         q1      q2        l1      l2        s1      s2  
Su  Sloan u         0.7918    0.6257  0.2011    0.8507  0.1909    0.4780  0.4145
Sg  Sloan g         0.9457    1.1747 -0.2771    0.8841 -0.1999    1.2063 -0.3442
Sr  Sloan r         0.8765    1.1383 -0.3169    0.8082 -0.2214    1.1543 -0.3668
Si  Sloan i         0.7917    0.7695  0.0268    0.8045  0.0413    0.7045  0.1152
Sz  Sloan z         0.7383    0.5286  0.2538    0.8059  0.2195    0.3995  0.4475
  
Limb darkening coefficients for the CoRoT and Kepler passbands (from Sing 2010):
(The CoRoT colour passbands are different for every star so cannot be predicted)
Passband              u         q1      q2        t1      t2      t3            
Co  CoRoT white     0.7118    0.6174  0.1168    1.3192 -0.9699  0.4076
Kp  Kepler          0.7394    0.6616  0.0963    1.2379 -0.7953  0.3338
  
Linear limb darkening coefficients          
----------------------------------          
       VanHam93    DiazCo95    Claret00a   Claret00p   ClarHa03                 
bo      0.4333     99.9999      0.5178      0.6122     99.9999
uS      1.0017      0.8164      0.8201      0.8064     *******
vS      0.8707      0.8282      0.8345      0.8487     *******
bS      0.9178      0.8899      0.8871      0.9853     *******
yS      0.7993      0.8058      0.8152      0.9502     *******
UJ      0.8911      0.7793      0.7903      0.7650     *******
BJ      0.8703      0.8271      0.8383      0.9311     *******
VJ      0.7792      0.7723      0.7963      0.9456     *******
RC      0.7169      0.4406      0.7498      0.8396     *******
RJ      0.6777     99.9999     99.9999     99.9999     99.9999
IC      0.5832      0.3507      0.6461      0.7967     *******
IJ      0.5179     99.9999     99.9999     99.9999     99.9999
JJ      0.3916      0.2542      0.4773      0.5927     *******
HJ     99.9999      0.1962      0.4473      0.5501     *******
KJ      0.2687      0.1704      0.3732      0.4629     *******
LJ      0.1950     99.9999     99.9999     99.9999     99.9999
MJ      0.1421     99.9999     99.9999     99.9999     99.9999
NJ      0.0980     99.9999     99.9999     99.9999     99.9999
  
Quadratic limb darkening coefficients       
-------------------------------------       
         DiazCl93          Claret00a         Claret00p         ClarHa03         
        q1      q2        q1      q2        q1      q2        q1      q2        
bo   99.9999 99.9999    0.2315  0.3380    0.4434  0.2043   99.9999 99.9999
uS    0.8449 -0.0373    0.7761  0.0520    0.6462  0.1939   ******* *******
vS    0.8486 -0.0258    0.8091  0.0300    0.8237  0.0302   ******* *******
bS    0.9571 -0.0877    0.9343 -0.0557    1.2953 -0.3753   ******* *******
yS    0.7822  0.0304    0.7489  0.0783    1.2409 -0.3520   ******* *******
UJ    0.7523  0.0346    0.6886  0.1201    0.5272  0.2879   ******* *******
BJ    0.8389 -0.0154    0.8148  0.0278    1.1100 -0.2165   ******* *******
VJ    0.7367  0.0461    0.7055  0.1072    1.2573 -0.3774   ******* *******
RC    0.2352  0.2676    0.6327  0.1383    1.0214 -0.2200   ******* *******
IC    0.1789  0.2245    0.4351  0.2489    0.7262  0.0853   ******* *******
JJ    0.1034  0.1967    0.1918  0.3370    0.2665  0.3949   ******* *******
HJ    0.0686  0.1658    0.0573  0.4604    0.0831  0.5653   ******* *******
KJ    0.0632  0.1395    0.0314  0.4035    0.0425  0.5089   ******* *******
  
Logarithmic limb darkening coefficients     
---------------------------------------     
         VanHam93          Claret00a         Claret00p         ClarHa03         
        l1      l2        l1      l2        l1      l2        l1      l2        
bo    0.5712  0.2061    0.5779  0.2234    0.6668  0.1770   99.9999 99.9999
uS    0.8031 -0.2980    0.8407  0.0695    0.8633  0.1845   ******* *******
vS    0.8166 -0.0809    0.8481  0.0460    0.8648  0.0520   ******* *******
bS    0.8534 -0.0967    0.8786 -0.0289    0.8999 -0.2767   ******* *******
yS    0.8173  0.0270    0.8384  0.0782    0.8706 -0.2582   ******* *******
UJ    0.7970 -0.1404    0.8268  0.1235    0.8455  0.2607   ******* *******
BJ    0.8292 -0.0611    0.8508  0.0423    0.8857 -0.1473   ******* *******
VJ    0.8107  0.0474    0.8265  0.1019    0.8602 -0.2766   ******* *******
RC    0.7742  0.0864    0.7874  0.1271    0.7950 -0.1444   ******* *******
RJ    0.7463  0.1027   99.9999 99.9999   99.9999 99.9999   99.9999 99.9999
IC    0.6945  0.1676    0.7106  0.2181    0.8221  0.0823   ******* *******
IJ    0.6524  0.2017   99.9999 99.9999   99.9999 99.9999   99.9999 99.9999
JJ    0.5431  0.2273    0.5635  0.2915    0.6988  0.3441   ******* *******
HJ   99.9999 99.9999    0.5645  0.3962    0.7015  0.4906   ******* *******
KJ    0.4490  0.2706    0.4764  0.3490    0.6006  0.4467   ******* *******
LJ    0.3250  0.1952   99.9999 99.9999   99.9999 99.9999   99.9999 99.9999
MJ    0.2299  0.1306   99.9999 99.9999   99.9999 99.9999   99.9999 99.9999
NJ    0.1675  0.1033   99.9999 99.9999   99.9999 99.9999   99.9999 99.9999
  
Square-root limb darkening coefficients     
---------------------------------------     
         VanHam93          DiazCo95          Claret00a         Claret00p         ClarHa03   
        s1      s2        s1      s2        s1      s2        s1      s2        s1      s2  
bo    0.1244  0.5156   99.9999 99.9999    0.0940  0.5584    0.3379  0.3623   99.9999 99.9999
uS    1.4479 -0.7442    0.8323 -0.0226    0.6837  0.1805    0.5027  0.4011   ******* *******
vS    0.9917 -0.2018    0.8377 -0.0128    0.7400  0.1251    0.7393  0.1444   ******* *******
bS    1.0636 -0.2423    1.0017 -0.1582    0.9108 -0.0314    1.3551 -0.4885   ******* *******
yS    0.7589  0.0674    0.7436  0.0882    0.6795  0.1798    1.2929 -0.4526   ******* *******
UJ    1.1015 -0.3514    0.6928  0.1225    0.5735  0.2870    0.3495  0.5488   ******* *******
BJ    0.9622 -0.1531    0.8233  0.0047    0.7513  0.1152    1.1116 -0.2384   ******* *******
VJ    0.7080  0.1185    0.6830  0.1265    0.6244  0.2277    1.3121 -0.4840   ******* *******
RC    0.5870  0.2154    0.0253  0.5938    0.5395  0.2785    1.0066 -0.2205   ******* *******
RJ    0.5238  0.2573   99.9999 99.9999   99.9999 99.9999   99.9999 99.9999   99.9999 99.9999
IC    0.3324  0.4184   -0.0009  0.5021    0.2974  0.4615    0.6582  0.1829   ******* *******
IJ    0.2149  0.5046   99.9999 99.9999   99.9999 99.9999   99.9999 99.9999   99.9999 99.9999
JJ    0.0511  0.5683   -0.0567  0.4432    0.0170  0.6092    0.0591  0.7048   ******* *******
HJ   99.9999 99.9999   -0.0678  0.3782   -0.1760  0.8251   -0.2069  0.9999   ******* *******
KJ   -0.1372  0.6767   -0.0516  0.3167   -0.1778  0.7294   -0.2333  0.9195   ******* *******
LJ   -0.0975  0.4877   99.9999 99.9999   99.9999 99.9999   99.9999 99.9999   99.9999 99.9999
MJ   -0.0535  0.3269   99.9999 99.9999   99.9999 99.9999   99.9999 99.9999   99.9999 99.9999
NJ   -0.0572  0.2586   99.9999 99.9999   99.9999 99.9999   99.9999 99.9999   99.9999 99.9999
  
================================================================================
  
