================================================================================
Output from JKTLD                      John Southworth   (jkt~astro.keele.ac.uk)
Limb darkening coefficients bilinearly interpolated from published LD tables for
Teff =  3777.0 K    logg = 4.0600 [cm/s^2]    [M/H] =  0.0    Vmicro = 2.0 km/s
--------------------------------------------------------------------------------
'9.9999' indicates unavailable result     '*******' means parameter out of range
Note: the exponential, three-par and four-par laws are not included below. Their
coefficients can be obtained using the option to output results to the terminal.
================================================================================
Linear limb darkening law:  I(mu)/I(0) = 1 - u*(1 - mu)          mu = cos(theta)
Quadratic LD law:           I(mu)/I(0) = 1 - q1*(1 - mu) - q2*(1 - mu)^2        
Logarithmic LD law:         I(mu)/I(0) = 1 - l1*(1 - mu) - l2*mu*ln(mu)         
Square-root LD law:         I(mu)/I(0) = 1 - s1*(1 - mu) - s2*(1 - sqrt[mu])    
Exponential LD law:         I(mu)/I(0) = 1 - e1*(1 - mu) - e2/(1 - exp[mu])     
Sing three-parameter law:   I(mu)/I(0) = 1 - sum_(i=2..4) ti*[1 - mu^(i/2)]     
Claret four-parameter law:  I(mu)/I(0) = 1 - sum_(i=1..4) f_i*[1 - mu^(i/2)]    
--------------------------------------------------------------------------------
Source references for the LD coefficients:                                      
VanHam93a:  Van Hamme (1993AJ....106.2096V)                                     
DiazCo95a:  Diaz-Cordoves+ (1995A+AS..110..329D), Claret+ (1995A+AS..114..247C) 
Claret00a:  Claret (2000A+A...363.1081C)                                        
Claret00p:  Claret (2000A+A...363.1081C)                                        
ClarHa03a:  Claret & Hauschildt (2003A+A...412..241C)                           
Claret04a:  Claret (2004A+A...428.1001C)                                        
Claret04p:  Claret (2004A+A...428.1001C)                                        
Sing2010a:  Sing (2010A+A...510A..21S)                                          
--------------------------------------------------------------------------------
Model atmospheres used by each source:                                          
Source      Mod.atm.    Teffs         logg        [M/H]     Vmicro              
VanHam93a:  ATLAS9   3500 - 50000   0.0 - 5.0      0.0      n/a                 
DiazCo95a:  ATLAS9   3500 - 50000   0.0 - 5.0      0.0      n/a                 
Claret00a:  ATLAS9   3500 - 50000   0.0 - 5.0  -5.0 - +0.5  0,1,2,4,8           
Claret00p:  Phoenix  2000 - 9800    3.5 - 5.0      0.0      2                   
ClarHa03a:  Phoenix  5000 - 10000   3.5 - 5.5      0.0      2                   
Claret04a:  ATLAS9   3500 - 50000   0.0 - 5.0  -5.0 - +1.0  0,1,2,4,8           
Claret04p:  Phoenix  2000 - 9800    3.5 - 5.0      0.0      2                   
Sing2010a:  ATLAS9   3500 - 40000   0.0 - 5.0  -5.0 - +1.0  n/a                 
--------------------------------------------------------------------------------
Available passbands and limb darkening laws:                                    
VanHam93a:  lin      log sqrt                   uvby UBV RcIc RjIj JKLMN        
DiazCo95a:  lin quad     sqrt                   uvby UBV                        
Claret95a:  lin quad     sqrt                            RcIc JHK               
Claret00a:  lin quad log sqrt     4par          uvby UBV RcIc JHK               
Claret00p:  lin quad log sqrt     4par          uvby UBV RcIc JHK               
ClarHa03a:  lin quad log sqrt exp 4par          uvby UBV RcIc JHK               
Claret04a:  lin quad log sqrt     4par          ugriz                           
Claret04p:  lin quad log sqrt     4par          ugriz                           
Sing2010a:  lin quad              4par 3par     CoRoT Kepler                    
================================================================================
  
General overview for linear, log, sqrt laws with quality indicators (VanHam93a):
Passband          u    quality     l1     l2    quality     s1     s2    quality
bo bolometric   0.4115  0.0782   0.5605  0.2223  0.0166   0.0780  0.5567  0.0059
uS Stromgren u  0.9554  0.0540   0.8235 -0.1978  0.0252   1.2513 -0.4936  0.0346
vS Stromgren v  0.8203  0.0303   0.8243  0.0064  0.0172   0.8100  0.0167  0.0169
bS Stromgren b  0.8632  0.0218   0.8596 -0.0054  0.0121   0.8720 -0.0141  0.0135
yS Stromgren y  0.7550  0.0388   0.8193  0.0963  0.0112   0.6106  0.2406  0.0079
UJ Johnson U    0.8497  0.0284   0.8096 -0.0593  0.0223   0.9382 -0.1487  0.0251
BJ Johnson B    0.8191  0.0286   0.8343  0.0234  0.0145   0.7843  0.0579  0.0139
VJ Johnson V    0.7360  0.0428   0.8118  0.1137  0.0110   0.5655  0.2842  0.0069
RC Cousins R    0.6818  0.0491   0.7752  0.1406  0.0110   0.4706  0.3509  0.0059
RJ Johnson R    0.6462  0.0531   0.7469  0.1506  0.0124   0.4203  0.3774  0.0064
IC Cousins I    0.5571  0.0700   0.6928  0.2043  0.0134   0.2510  0.5106  0.0046
IJ Johnson I    0.4927  0.0797   0.6481  0.2330  0.0143   0.1427  0.5830  0.0034
JJ Johnson J    0.3667  0.0851   0.5291  0.2437  0.0172   0.0016  0.6095  0.0055
KJ Johnson K    0.2539  0.0920   0.4274  0.2607  0.0201  -0.1371  0.6515  0.0076
LJ Johnson L    0.1824  0.0687   0.3097  0.1912  0.0167  -0.1040  0.4775  0.0075
MJ Johnson M    0.1391  0.0482   0.2305  0.1358  0.0109  -0.0642  0.3400  0.0044
NJ Johnson N    0.0949  0.0384   0.1662  0.1062  0.0094  -0.0647  0.2659  0.0042
  
Limb darkening coefficients for the SDSS passbands  (Claret 2004, ATLAS9):      
Passband              u         q1      q2        l1      l1        s1      s2  
Su  Sloan u         0.7812    0.6413  0.1652    0.8276  0.1567    0.5183  0.3481
Sg  Sloan g         0.8030    0.6984  0.1235    0.8373  0.1160    0.6092  0.2566
Sr  Sloan r         0.7645    0.6161  0.1751    0.8097  0.1530    0.5199  0.3237
Si  Sloan i         0.6546    0.4373  0.2564    0.7208  0.2238    0.2978  0.4723
Sz  Sloan z         0.5761    0.2834  0.3455    0.6636  0.2961    0.1114  0.6151
Limb darkening coefficients for the SDSS passbands (Claret 2004, Phoenix):      
Passband              u         q1      q2        l1      l2        s1      s2  
Su  Sloan u         0.7641    0.5502  0.2589    0.8374  0.2377    0.3814  0.5055
Sg  Sloan g         0.9126    1.0428 -0.1575    0.8800 -0.1060    1.0398 -0.1680
Sr  Sloan r         0.8579    1.0453 -0.2268    0.8102 -0.1546    1.0448 -0.2469
Si  Sloan i         0.7633    0.6835  0.0965    0.7934  0.0976    0.5946  0.2229
Sz  Sloan z         0.7003    0.4482  0.3051    0.7818  0.2645    0.2920  0.5393
  
Limb darkening coefficients for the CoRoT and Kepler passbands (from Sing 2010):
(The CoRoT colour passbands are different for every star so cannot be predicted)
Passband              u         q1      q2        t1      t2      t3            
Co  CoRoT white     0.6937    0.5527  0.1745    1.4252 -1.0847  0.4120
Kp  Kepler          0.7211    0.5940  0.1572    1.3428 -0.9000  0.3294
  
Linear limb darkening coefficients          
----------------------------------          
       VanHam93    DiazCo95    Claret00a   Claret00p   ClarHa03                 
bo      0.4115     99.9999      0.5026      0.5884     99.9999
uS      0.9554      0.8011      0.8087      0.7789     *******
vS      0.8203      0.8009      0.8140      0.8169     *******
bS      0.8632      0.8599      0.8650      0.9540     *******
yS      0.7550      0.7804      0.7958      0.9192     *******
UJ      0.8497      0.7615      0.7774      0.7365     *******
BJ      0.8191      0.8009      0.8177      0.8969     *******
VJ      0.7360      0.7483      0.7773      0.9189     *******
RC      0.6818      0.4113      0.7349      0.8202     *******
RJ      0.6462     99.9999     99.9999     99.9999     99.9999
IC      0.5571      0.3272      0.6333      0.7617     *******
IJ      0.4927     99.9999     99.9999     99.9999     99.9999
JJ      0.3667      0.2365      0.4583      0.5642     *******
HJ     99.9999      0.1833      0.4266      0.5304     *******
KJ      0.2539      0.1586      0.3549      0.4460     *******
LJ      0.1824     99.9999     99.9999     99.9999     99.9999
MJ      0.1391     99.9999     99.9999     99.9999     99.9999
NJ      0.0949     99.9999     99.9999     99.9999     99.9999
  
Quadratic limb darkening coefficients       
-------------------------------------       
         DiazCl93          Claret00a         Claret00p         ClarHa03         
        q1      q2        q1      q2        q1      q2        q1      q2        
bo   99.9999 99.9999    0.2010  0.3560    0.3947  0.2345   99.9999 99.9999
uS    0.7824  0.0239    0.7160  0.1094    0.5633  0.2610   ******* *******
vS    0.7581  0.0567    0.7167  0.1149    0.7215  0.1154   ******* *******
bS    0.8540  0.0073    0.8305  0.0408    1.1589 -0.2480   ******* *******
yS    0.7008  0.1034    0.6659  0.1533    1.1061 -0.2263   ******* *******
UJ    0.6910  0.0913    0.6305  0.1733    0.4509  0.3457   ******* *******
BJ    0.7521  0.0632    0.7237  0.1110    0.9791 -0.0993   ******* *******
VJ    0.6615  0.1125    0.6266  0.1779    1.1377 -0.2649   ******* *******
RC    0.2049  0.2691    0.5694  0.1953    0.9376 -0.1420   ******* *******
IC    0.1575  0.2218    0.3877  0.2899    0.6275  0.1624   ******* *******
JJ    0.0923  0.1882    0.1500  0.3639    0.2415  0.3905   ******* *******
HJ    0.0635  0.1552    0.0452  0.4502    0.0780  0.5476   ******* *******
KJ    0.0571  0.1318    0.0202  0.3951    0.0438  0.4869   ******* *******
  
Logarithmic limb darkening coefficients     
---------------------------------------     
         VanHam93          Claret00a         Claret00p         ClarHa03         
        l1      l2        l1      l2        l1      l2        l1      l2        
bo    0.5605  0.2223    0.5669  0.2377    0.6507  0.2023   99.9999 99.9999
uS    0.8235 -0.1978    0.8418  0.1119    0.8525  0.2387   ******* *******
vS    0.8243  0.0064    0.8472  0.1121    0.8541  0.1208   ******* *******
bS    0.8596 -0.0054    0.8786  0.0460    0.8994 -0.1772   ******* *******
yS    0.8193  0.0963    0.8362  0.1365    0.8695 -0.1612   ******* *******
UJ    0.8096 -0.0593    0.8256  0.1634    0.8315  0.3079   ******* *******
BJ    0.8343  0.0234    0.8493  0.1068    0.8801 -0.0547   ******* *******
VJ    0.8118  0.1137    0.8237  0.1569    0.8602 -0.1904   ******* *******
RC    0.7752  0.1406    0.7855  0.1710    0.7938 -0.0858   ******* *******
RJ    0.7469  0.1506   99.9999 99.9999   99.9999 99.9999   99.9999 99.9999
IC    0.6928  0.2043    0.7072  0.2499    0.8068  0.1461   ******* *******
IJ    0.6481  0.2330   99.9999 99.9999   99.9999 99.9999   99.9999 99.9999
JJ    0.5291  0.2437    0.5514  0.3150    0.6697  0.3422   ******* *******
HJ   99.9999 99.9999    0.5417  0.3894    0.6771  0.4756   ******* *******
KJ    0.4274  0.2607    0.4564  0.3433    0.5777  0.4271   ******* *******
LJ    0.3097  0.1912   99.9999 99.9999   99.9999 99.9999   99.9999 99.9999
MJ    0.2305  0.1358   99.9999 99.9999   99.9999 99.9999   99.9999 99.9999
NJ    0.1662  0.1062   99.9999 99.9999   99.9999 99.9999   99.9999 99.9999
  
Square-root limb darkening coefficients     
---------------------------------------     
         VanHam93          DiazCo95          Claret00a         Claret00p         ClarHa03   
        s1      s2        s1      s2        s1      s2        s1      s2        s1      s2  
bo    0.0780  0.5567   99.9999 99.9999    0.0520  0.5941    0.2765  0.4120   99.9999 99.9999
uS    1.2513 -0.4936    0.7325  0.0971    0.6128  0.2592    0.3959  0.5059   ******* *******
vS    0.8100  0.0167    0.6905  0.1574    0.6234  0.2524    0.6071  0.2770   ******* *******
bS    0.8720 -0.0141    0.8331  0.0385    0.7802  0.1121    1.1826 -0.3020   ******* *******
yS    0.6106  0.2406    0.6112  0.2399    0.5755  0.2917    1.1258 -0.2729   ******* *******
UJ    0.9382 -0.1487    0.5958  0.2351    0.5041  0.3617    0.2510  0.6412   ******* *******
BJ    0.7843  0.0579    0.6830  0.1664    0.6371  0.2391    0.9448 -0.0631   ******* *******
VJ    0.5655  0.2842    0.5622  0.2638    0.5256  0.3333    1.1654 -0.3255   ******* *******
RC    0.4706  0.3509   -0.0090  0.6060    0.4616  0.3618    0.9067 -0.1142   ******* *******
RJ    0.4203  0.3774   99.9999 99.9999   99.9999 99.9999   99.9999 99.9999   99.9999 99.9999
IC    0.2510  0.5106   -0.0217  0.5067    0.2388  0.5221    0.5289  0.3074   ******* *******
IJ    0.1427  0.5830   99.9999 99.9999   99.9999 99.9999   99.9999 99.9999   99.9999 99.9999
JJ    0.0016  0.6095   -0.0622  0.4360   -0.0392  0.6585    0.0309  0.7043   ******* *******
HJ   99.9999 99.9999   -0.0649  0.3663   -0.1886  0.8142   -0.2043  0.9704   ******* *******
KJ   -0.1371  0.6515   -0.0521  0.3099   -0.1893  0.7203   -0.2195  0.8791   ******* *******
LJ   -0.1040  0.4775   99.9999 99.9999   99.9999 99.9999   99.9999 99.9999   99.9999 99.9999
MJ   -0.0642  0.3400   99.9999 99.9999   99.9999 99.9999   99.9999 99.9999   99.9999 99.9999
NJ   -0.0647  0.2659   99.9999 99.9999   99.9999 99.9999   99.9999 99.9999   99.9999 99.9999
  
================================================================================
  
