================================================================================
Output from JKTLD                      John Southworth   (jkt~astro.keele.ac.uk)
Limb darkening coefficients bilinearly interpolated from published LD tables for
Teff =  3777.0 K    logg = 3.8200 [cm/s^2]    [M/H] =  0.0    Vmicro = 2.0 km/s
--------------------------------------------------------------------------------
'9.9999' indicates unavailable result     '*******' means parameter out of range
Note: the exponential, three-par and four-par laws are not included below. Their
coefficients can be obtained using the option to output results to the terminal.
================================================================================
Linear limb darkening law:  I(mu)/I(0) = 1 - u*(1 - mu)          mu = cos(theta)
Quadratic LD law:           I(mu)/I(0) = 1 - q1*(1 - mu) - q2*(1 - mu)^2        
Logarithmic LD law:         I(mu)/I(0) = 1 - l1*(1 - mu) - l2*mu*ln(mu)         
Square-root LD law:         I(mu)/I(0) = 1 - s1*(1 - mu) - s2*(1 - sqrt[mu])    
Exponential LD law:         I(mu)/I(0) = 1 - e1*(1 - mu) - e2/(1 - exp[mu])     
Sing three-parameter law:   I(mu)/I(0) = 1 - sum_(i=2..4) ti*[1 - mu^(i/2)]     
Claret four-parameter law:  I(mu)/I(0) = 1 - sum_(i=1..4) f_i*[1 - mu^(i/2)]    
--------------------------------------------------------------------------------
Source references for the LD coefficients:                                      
VanHam93a:  Van Hamme (1993AJ....106.2096V)                                     
DiazCo95a:  Diaz-Cordoves+ (1995A+AS..110..329D), Claret+ (1995A+AS..114..247C) 
Claret00a:  Claret (2000A+A...363.1081C)                                        
Claret00p:  Claret (2000A+A...363.1081C)                                        
ClarHa03a:  Claret & Hauschildt (2003A+A...412..241C)                           
Claret04a:  Claret (2004A+A...428.1001C)                                        
Claret04p:  Claret (2004A+A...428.1001C)                                        
Sing2010a:  Sing (2010A+A...510A..21S)                                          
--------------------------------------------------------------------------------
Model atmospheres used by each source:                                          
Source      Mod.atm.    Teffs         logg        [M/H]     Vmicro              
VanHam93a:  ATLAS9   3500 - 50000   0.0 - 5.0      0.0      n/a                 
DiazCo95a:  ATLAS9   3500 - 50000   0.0 - 5.0      0.0      n/a                 
Claret00a:  ATLAS9   3500 - 50000   0.0 - 5.0  -5.0 - +0.5  0,1,2,4,8           
Claret00p:  Phoenix  2000 - 9800    3.5 - 5.0      0.0      2                   
ClarHa03a:  Phoenix  5000 - 10000   3.5 - 5.5      0.0      2                   
Claret04a:  ATLAS9   3500 - 50000   0.0 - 5.0  -5.0 - +1.0  0,1,2,4,8           
Claret04p:  Phoenix  2000 - 9800    3.5 - 5.0      0.0      2                   
Sing2010a:  ATLAS9   3500 - 40000   0.0 - 5.0  -5.0 - +1.0  n/a                 
--------------------------------------------------------------------------------
Available passbands and limb darkening laws:                                    
VanHam93a:  lin      log sqrt                   uvby UBV RcIc RjIj JKLMN        
DiazCo95a:  lin quad     sqrt                   uvby UBV                        
Claret95a:  lin quad     sqrt                            RcIc JHK               
Claret00a:  lin quad log sqrt     4par          uvby UBV RcIc JHK               
Claret00p:  lin quad log sqrt     4par          uvby UBV RcIc JHK               
ClarHa03a:  lin quad log sqrt exp 4par          uvby UBV RcIc JHK               
Claret04a:  lin quad log sqrt     4par          ugriz                           
Claret04p:  lin quad log sqrt     4par          ugriz                           
Sing2010a:  lin quad              4par 3par     CoRoT Kepler                    
================================================================================
  
General overview for linear, log, sqrt laws with quality indicators (VanHam93a):
Passband          u    quality     l1     l2    quality     s1     s2    quality
bo bolometric   0.4400  0.0715   0.5743  0.2009  0.0163   0.1389  0.5025  0.0066
uS Stromgren u  1.0173  0.0839   0.7956 -0.3326  0.0353   1.5154 -0.8308  0.0510
vS Stromgren v  0.8881  0.0414   0.8132 -0.1119  0.0225   1.0558 -0.2795  0.0278
bS Stromgren b  0.9356  0.0379   0.8506 -0.1277  0.0168   1.1279 -0.3197  0.0229
yS Stromgren y  0.8138  0.0320   0.8161  0.0035  0.0146   0.8088  0.0085  0.0144
UJ Johnson U    0.9052  0.0448   0.7923 -0.1689  0.0296   1.1585 -0.4225  0.0376
BJ Johnson B    0.8875  0.0375   0.8268 -0.0905  0.0190   1.0234 -0.2264  0.0233
VJ Johnson V    0.7933  0.0324   0.8098  0.0248  0.0141   0.7560  0.0620  0.0129
RC Cousins R    0.7281  0.0337   0.7734  0.0684  0.0139   0.6253  0.1705  0.0109
RJ Johnson R    0.6878  0.0379   0.7457  0.0869  0.0151   0.5576  0.2177  0.0112
IC Cousins I    0.5915  0.0566   0.6946  0.1554  0.0153   0.3589  0.3880  0.0081
IJ Johnson I    0.5259  0.0675   0.6534  0.1912  0.0152   0.2388  0.4782  0.0061
JJ Johnson J    0.3996  0.0771   0.5475  0.2217  0.0154   0.0674  0.5543  0.0048
KJ Johnson K    0.2727  0.0953   0.4554  0.2742  0.0187  -0.1386  0.6857  0.0056
LJ Johnson L    0.1989  0.0697   0.3298  0.1967  0.0155  -0.0959  0.4914  0.0060
MJ Johnson M    0.1428  0.0460   0.2294  0.1289  0.0109  -0.0503  0.3226  0.0048
NJ Johnson N    0.0990  0.0370   0.1679  0.1023  0.0091  -0.0545  0.2559  0.0041
  
Limb darkening coefficients for the SDSS passbands  (Claret 2004, ATLAS9):      
Passband              u         q1      q2        l1      l1        s1      s2  
Su  Sloan u         0.7988    0.7216  0.0912    0.8288  0.1014    0.6142  0.2444
Sg  Sloan g         0.8300    0.8152  0.0175    0.8401  0.0341    0.7547  0.0997
Sr  Sloan r         0.7857    0.7090  0.0906    0.8117  0.0880    0.6344  0.2004
Si  Sloan i         0.6703    0.4982  0.2031    0.7245  0.1831    0.3715  0.3957
Sz  Sloan z         0.5938    0.3429  0.2962    0.6698  0.2570    0.1864  0.5393
Limb darkening coefficients for the SDSS passbands (Claret 2004, Phoenix):      
Passband              u         q1      q2        l1      l2        s1      s2  
Su  Sloan u         0.8024    0.6545  0.1790    0.8557  0.1728    0.5154  0.3792
Sg  Sloan g         0.9564    1.2164 -0.3147    0.8857 -0.2294    1.2590 -0.3997
Sr  Sloan r         0.8822    1.1658 -0.3433    0.8079 -0.2409    1.1862 -0.4015
Si  Sloan i         0.8011    0.7966  0.0054    0.8085  0.0240    0.7392  0.0818
Sz  Sloan z         0.7510    0.5540  0.2385    0.8145  0.2059    0.4336  0.4193
  
Limb darkening coefficients for the CoRoT and Kepler passbands (from Sing 2010):
(The CoRoT colour passbands are different for every star so cannot be predicted)
Passband              u         q1      q2        t1      t2      t3            
Co  CoRoT white     0.7173    0.6381  0.0980    1.2940 -0.9528  0.4172
Kp  Kepler          0.7449    0.6830  0.0765    1.2144 -0.7841  0.3475
  
Linear limb darkening coefficients          
----------------------------------          
       VanHam93    DiazCo95    Claret00a   Claret00p   ClarHa03                 
bo      0.4400     99.9999      0.5222      0.6192     99.9999
uS      1.0173      0.8214      0.8239      0.8170     *******
vS      0.8881      0.8373      0.8411      0.8599     *******
bS      0.9356      0.8994      0.8940      0.9948     *******
yS      0.8138      0.8137      0.8213      0.9600     *******
UJ      0.9052      0.7852      0.7946      0.7763     *******
BJ      0.8875      0.8356      0.8449      0.9424     *******
VJ      0.7933      0.7800      0.8023      0.9537     *******
RC      0.7281      0.4509      0.7543      0.8458     *******
RJ      0.6878     99.9999     99.9999     99.9999     99.9999
IC      0.5915      0.3594      0.6499      0.8082     *******
IJ      0.5259     99.9999     99.9999     99.9999     99.9999
JJ      0.3996      0.2614      0.4833      0.6009     *******
HJ     99.9999      0.2017      0.4530      0.5543     *******
KJ      0.2727      0.1752      0.3785      0.4662     *******
LJ      0.1989     99.9999     99.9999     99.9999     99.9999
MJ      0.1428     99.9999     99.9999     99.9999     99.9999
NJ      0.0990     99.9999     99.9999     99.9999     99.9999
  
Quadratic limb darkening coefficients       
-------------------------------------       
         DiazCl93          Claret00a         Claret00p         ClarHa03         
        q1      q2        q1      q2        q1      q2        q1      q2        
bo   99.9999 99.9999    0.2405  0.3325    0.4576  0.1956   99.9999 99.9999
uS    0.8665 -0.0587    0.7965  0.0323    0.6789  0.1672   ******* *******
vS    0.8798 -0.0548    0.8407  0.0005    0.8586  0.0015   ******* *******
bS    0.9911 -0.1197    0.9681 -0.0875    1.3362 -0.4133   ******* *******
yS    0.8089  0.0061    0.7758  0.0538    1.2833 -0.3913   ******* *******
UJ    0.7735  0.0147    0.7084  0.1017    0.5585  0.2637   ******* *******
BJ    0.8684 -0.0425    0.8453 -0.0004    1.1520 -0.2537   ******* *******
VJ    0.7619  0.0236    0.7312  0.0839    1.2928 -0.4105   ******* *******
RC    0.2463  0.2665    0.6523  0.1204    1.0467 -0.2432   ******* *******
IC    0.1861  0.2262    0.4498  0.2361    0.7576  0.0612   ******* *******
JJ    0.1072  0.2010    0.2055  0.3279    0.2690  0.4018   ******* *******
HJ    0.0698  0.1717    0.0595  0.4645    0.0806  0.5734   ******* *******
KJ    0.0648  0.1436    0.0340  0.4066    0.0378  0.5186   ******* *******
  
Logarithmic limb darkening coefficients     
---------------------------------------     
         VanHam93          Claret00a         Claret00p         ClarHa03         
        l1      l2        l1      l2        l1      l2        l1      l2        
bo    0.5743  0.2009    0.5810  0.2188    0.6715  0.1697   99.9999 99.9999
uS    0.7956 -0.3326    0.8402  0.0550    0.8673  0.1629   ******* *******
vS    0.8132 -0.1119    0.8480  0.0233    0.8687  0.0287   ******* *******
bS    0.8506 -0.1277    0.8782 -0.0533    0.9003 -0.3065   ******* *******
yS    0.8161  0.0035    0.8388  0.0593    0.8710 -0.2885   ******* *******
UJ    0.7923 -0.1689    0.8270  0.1099    0.8506  0.2409   ******* *******
BJ    0.8268 -0.0905    0.8510  0.0206    0.8878 -0.1769   ******* *******
VJ    0.8098  0.0248    0.8272  0.0840    0.8605 -0.3019   ******* *******
RC    0.7734  0.0684    0.7879  0.1135    0.7959 -0.1618   ******* *******
RJ    0.7457  0.0869   99.9999 99.9999   99.9999 99.9999   99.9999 99.9999
IC    0.6946  0.1554    0.7115  0.2083    0.8275  0.0623   ******* *******
IJ    0.6534  0.1912   99.9999 99.9999   99.9999 99.9999   99.9999 99.9999
JJ    0.5475  0.2217    0.5671  0.2835    0.7086  0.3492   ******* *******
HJ   99.9999 99.9999    0.5710  0.3991    0.7078  0.4978   ******* *******
KJ    0.4554  0.2742    0.4823  0.3512    0.6067  0.4555   ******* *******
LJ    0.3298  0.1967   99.9999 99.9999   99.9999 99.9999   99.9999 99.9999
MJ    0.2294  0.1289   99.9999 99.9999   99.9999 99.9999   99.9999 99.9999
NJ    0.1679  0.1023   99.9999 99.9999   99.9999 99.9999   99.9999 99.9999
  
Square-root limb darkening coefficients     
---------------------------------------     
         VanHam93          DiazCo95          Claret00a         Claret00p         ClarHa03   
        s1      s2        s1      s2        s1      s2        s1      s2        s1      s2  
bo    0.1389  0.5025   99.9999 99.9999    0.1070  0.5469    0.3557  0.3480   99.9999 99.9999
uS    1.5154 -0.8308    0.8667 -0.0641    0.7076  0.1539    0.5451  0.3592   ******* *******
vS    1.0558 -0.2795    0.8887 -0.0722    0.7796  0.0816    0.7847  0.0993   ******* *******
bS    1.1279 -0.3197    1.0574 -0.2239    0.9527 -0.0778    1.4068 -0.5443   ******* *******
yS    0.8088  0.0085    0.7868  0.0382    0.7126  0.1439    1.3452 -0.5087   ******* *******
UJ    1.1585 -0.4225    0.7262  0.0834    0.5970  0.2615    0.3901  0.5101   ******* *******
BJ    1.0234 -0.2264    0.8710 -0.0507    0.7892  0.0738    1.1654 -0.2945   ******* *******
VJ    0.7560  0.0620    0.7232  0.0805    0.6561  0.1936    1.3553 -0.5305   ******* *******
RC    0.6253  0.1705    0.0383  0.5895    0.5632  0.2531    1.0366 -0.2520   ******* *******
RJ    0.5576  0.2177   99.9999 99.9999   99.9999 99.9999   99.9999 99.9999   99.9999 99.9999
IC    0.3589  0.3880    0.0055  0.5049    0.3151  0.4431    0.6994  0.1437   ******* *******
IJ    0.2388  0.4782   99.9999 99.9999   99.9999 99.9999   99.9999 99.9999   99.9999 99.9999
JJ    0.0674  0.5543   -0.0560  0.4519    0.0355  0.5927    0.0605  0.7138   ******* *******
HJ   99.9999 99.9999   -0.0713  0.3906   -0.1741  0.8300   -0.2141  1.0149   ******* *******
KJ   -0.1386  0.6857   -0.0533  0.3257   -0.1754  0.7331   -0.2441  0.9382   ******* *******
LJ   -0.0959  0.4914   99.9999 99.9999   99.9999 99.9999   99.9999 99.9999   99.9999 99.9999
MJ   -0.0503  0.3226   99.9999 99.9999   99.9999 99.9999   99.9999 99.9999   99.9999 99.9999
NJ   -0.0545  0.2559   99.9999 99.9999   99.9999 99.9999   99.9999 99.9999   99.9999 99.9999
  
================================================================================
  
