================================================================================
Output from JKTLD                      John Southworth   (jkt~astro.keele.ac.uk)
Limb darkening coefficients bilinearly interpolated from published LD tables for
Teff =  3525.0 K    logg = 4.0600 [cm/s^2]    [M/H] =  0.0    Vmicro = 2.0 km/s
--------------------------------------------------------------------------------
'9.9999' indicates unavailable result     '*******' means parameter out of range
Note: the exponential, three-par and four-par laws are not included below. Their
coefficients can be obtained using the option to output results to the terminal.
================================================================================
Linear limb darkening law:  I(mu)/I(0) = 1 - u*(1 - mu)          mu = cos(theta)
Quadratic LD law:           I(mu)/I(0) = 1 - q1*(1 - mu) - q2*(1 - mu)^2        
Logarithmic LD law:         I(mu)/I(0) = 1 - l1*(1 - mu) - l2*mu*ln(mu)         
Square-root LD law:         I(mu)/I(0) = 1 - s1*(1 - mu) - s2*(1 - sqrt[mu])    
Exponential LD law:         I(mu)/I(0) = 1 - e1*(1 - mu) - e2/(1 - exp[mu])     
Sing three-parameter law:   I(mu)/I(0) = 1 - sum_(i=2..4) ti*[1 - mu^(i/2)]     
Claret four-parameter law:  I(mu)/I(0) = 1 - sum_(i=1..4) f_i*[1 - mu^(i/2)]    
--------------------------------------------------------------------------------
Source references for the LD coefficients:                                      
VanHam93a:  Van Hamme (1993AJ....106.2096V)                                     
DiazCo95a:  Diaz-Cordoves+ (1995A+AS..110..329D), Claret+ (1995A+AS..114..247C) 
Claret00a:  Claret (2000A+A...363.1081C)                                        
Claret00p:  Claret (2000A+A...363.1081C)                                        
ClarHa03a:  Claret & Hauschildt (2003A+A...412..241C)                           
Claret04a:  Claret (2004A+A...428.1001C)                                        
Claret04p:  Claret (2004A+A...428.1001C)                                        
Sing2010a:  Sing (2010A+A...510A..21S)                                          
--------------------------------------------------------------------------------
Model atmospheres used by each source:                                          
Source      Mod.atm.    Teffs         logg        [M/H]     Vmicro              
VanHam93a:  ATLAS9   3500 - 50000   0.0 - 5.0      0.0      n/a                 
DiazCo95a:  ATLAS9   3500 - 50000   0.0 - 5.0      0.0      n/a                 
Claret00a:  ATLAS9   3500 - 50000   0.0 - 5.0  -5.0 - +0.5  0,1,2,4,8           
Claret00p:  Phoenix  2000 - 9800    3.5 - 5.0      0.0      2                   
ClarHa03a:  Phoenix  5000 - 10000   3.5 - 5.5      0.0      2                   
Claret04a:  ATLAS9   3500 - 50000   0.0 - 5.0  -5.0 - +1.0  0,1,2,4,8           
Claret04p:  Phoenix  2000 - 9800    3.5 - 5.0      0.0      2                   
Sing2010a:  ATLAS9   3500 - 40000   0.0 - 5.0  -5.0 - +1.0  n/a                 
--------------------------------------------------------------------------------
Available passbands and limb darkening laws:                                    
VanHam93a:  lin      log sqrt                   uvby UBV RcIc RjIj JKLMN        
DiazCo95a:  lin quad     sqrt                   uvby UBV                        
Claret95a:  lin quad     sqrt                            RcIc JHK               
Claret00a:  lin quad log sqrt     4par          uvby UBV RcIc JHK               
Claret00p:  lin quad log sqrt     4par          uvby UBV RcIc JHK               
ClarHa03a:  lin quad log sqrt exp 4par          uvby UBV RcIc JHK               
Claret04a:  lin quad log sqrt     4par          ugriz                           
Claret04p:  lin quad log sqrt     4par          ugriz                           
Sing2010a:  lin quad              4par 3par     CoRoT Kepler                    
================================================================================
  
General overview for linear, log, sqrt laws with quality indicators (VanHam93a):
Passband          u    quality     l1     l2    quality     s1     s2    quality
bo bolometric   0.3262  0.0935   0.5028  0.2649  0.0205  -0.0715  0.6627  0.0078
uS Stromgren u  0.8433  0.0326   0.8886  0.0676  0.0076   0.7422  0.1685  0.0057
vS Stromgren v  0.7039  0.0804   0.8652  0.2424  0.0092   0.3406  0.6058  0.0053
bS Stromgren b  0.7776  0.0594   0.9026  0.1875  0.0034   0.4964  0.4687  0.0085
yS Stromgren y  0.6985  0.0723   0.8487  0.2258  0.0064   0.3602  0.5640  0.0063
UJ Johnson U    0.7598  0.0543   0.8632  0.1548  0.0091   0.5271  0.3872  0.0038
BJ Johnson B    0.7254  0.0728   0.8744  0.2233  0.0070   0.3904  0.5590  0.0062
VJ Johnson V    0.6903  0.0724   0.8417  0.2275  0.0061   0.3495  0.5683  0.0067
RC Cousins R    0.6469  0.0675   0.7855  0.2070  0.0092   0.3367  0.5179  0.0044
RJ Johnson R    0.6064  0.0729   0.7528  0.2190  0.0116   0.2775  0.5481  0.0040
IC Cousins I    0.5246  0.0906   0.7053  0.2717  0.0134   0.1170  0.6792  0.0027
IJ Johnson I    0.4516  0.1048   0.6587  0.3118  0.0161  -0.0159  0.7785  0.0016
JJ Johnson J    0.2902  0.1073   0.4911  0.3006  0.0249  -0.1604  0.7512  0.0104
KJ Johnson K    0.1913  0.0878   0.3513  0.2401  0.0235  -0.1682  0.5995  0.0120
LJ Johnson L    0.1389  0.0673   0.2596  0.1808  0.0193  -0.1319  0.4523  0.0106
MJ Johnson M    0.1254  0.0531   0.2251  0.1495  0.0122  -0.0989  0.3738  0.0051
NJ Johnson N    0.0834  0.0433   0.1618  0.1163  0.0122  -0.0915  0.2912  0.0066
  
Limb darkening coefficients for the SDSS passbands  (Claret 2004, ATLAS9):      
Passband              u         q1      q2        l1      l1        s1      s2  
Su  Sloan u         0.7696    0.4799  0.3418    0.8557  0.2912    0.3153  0.6013
Sg  Sloan g         0.7860    0.5306  0.3016    0.8611  0.2538    0.3934  0.5197
Sr  Sloan r         0.7508    0.5515  0.2353    0.8096  0.1986    0.4415  0.4094
Si  Sloan i         0.6350    0.3591  0.3257    0.7176  0.2792    0.1961  0.5808
Sz  Sloan z         0.5711    0.2050  0.4322    0.6798  0.3674   -0.0015  0.7579
Limb darkening coefficients for the SDSS passbands (Claret 2004, Phoenix):      
Passband              u         q1      q2        l1      l2        s1      s2  
Su  Sloan u         0.7801    0.4601  0.3873    0.8837  0.3358    0.2628  0.6832
Sg  Sloan g         0.8819    0.8028  0.0958    0.9105  0.0929    0.7272  0.2043
Sr  Sloan r         0.8090    0.7589  0.0607    0.8308  0.0705    0.6782  0.1727
Si  Sloan i         0.7297    0.4928  0.2868    0.8078  0.2529    0.3339  0.5227
Sz  Sloan z         0.6682    0.2936  0.4535    0.7894  0.3930    0.0623  0.8003
  
Limb darkening coefficients for the CoRoT and Kepler passbands (from Sing 2010):
(The CoRoT colour passbands are different for every star so cannot be predicted)
Passband              u         q1      q2        t1      t2      t3            
Co  CoRoT white     0.6798    0.4870  0.2386    1.4933 -1.0963  0.3542
Kp  Kepler          0.7129    0.5499  0.2018    1.3335 -0.7877  0.2241
  
Linear limb darkening coefficients          
----------------------------------          
       VanHam93    DiazCo95    Claret00a   Claret00p   ClarHa03                 
bo      0.3262     99.9999      0.4342      0.5321     99.9999
uS      0.8433      0.7759      0.7963      0.7957     *******
vS      0.7039      0.7364      0.7684      0.7802     *******
bS      0.7776      0.8245      0.8451      0.9193     *******
yS      0.6985      0.7592      0.7834      0.8717     *******
UJ      0.7598      0.7373      0.7667      0.7603     *******
BJ      0.7254      0.7558      0.7919      0.8577     *******
VJ      0.6903      0.7293      0.7698      0.8684     *******
RC      0.6469      0.4144      0.7184      0.7743     *******
RJ      0.6064     99.9999     99.9999     99.9999     99.9999
IC      0.5246      0.3294      0.6224      0.7305     *******
IJ      0.4516     99.9999     99.9999     99.9999     99.9999
JJ      0.2902      0.2406      0.3999      0.5010     *******
HJ     99.9999      0.1873      0.3434      0.4913     *******
KJ      0.1913      0.1613      0.2859      0.4053     *******
LJ      0.1389     99.9999     99.9999     99.9999     99.9999
MJ      0.1254     99.9999     99.9999     99.9999     99.9999
NJ      0.0834     99.9999     99.9999     99.9999     99.9999
  
Quadratic limb darkening coefficients       
-------------------------------------       
         DiazCl93          Claret00a         Claret00p         ClarHa03         
        q1      q2        q1      q2        q1      q2        q1      q2        
bo   99.9999 99.9999    0.0877  0.4090    0.2935  0.2889   99.9999 99.9999
uS    0.5996  0.2294    0.5398  0.3027    0.4880  0.3725   ******* *******
vS    0.5049  0.3011    0.4490  0.3770    0.4848  0.3576   ******* *******
bS    0.6626  0.2102    0.6453  0.2359    0.9132  0.0073   ******* *******
yS    0.5806  0.2327    0.5442  0.2823    0.8288  0.0519   ******* *******
UJ    0.5298  0.2707    0.4733  0.3464    0.3985  0.4379   ******* *******
BJ    0.5466  0.2720    0.5185  0.3226    0.7133  0.1748   ******* *******
VJ    0.5421  0.2437    0.5240  0.2900    0.8523  0.0194   ******* *******
RC    0.2056  0.2729    0.5027  0.2548    0.6695  0.1268   ******* *******
IC    0.1556  0.2260    0.3206  0.3562    0.4581  0.3298   ******* *******
JJ    0.0925  0.1930    0.0134  0.4562    0.0943  0.4924   ******* *******
HJ    0.0633  0.1619   -0.0284  0.4388    0.0033  0.5907   ******* *******
KJ    0.0569  0.1364   -0.0365  0.3805   -0.0291  0.5258   ******* *******
  
Logarithmic limb darkening coefficients     
---------------------------------------     
         VanHam93          Claret00a         Claret00p         ClarHa03         
        l1      l2        l1      l2        l1      l2        l1      l2        
bo    0.5028  0.2649    0.5067  0.2697    0.6102  0.2531   99.9999 99.9999
uS    0.8886  0.0676    0.8726  0.2577    0.8953  0.3225   ******* *******
vS    0.8652  0.2424    0.8633  0.3208    0.8774  0.3150   ******* *******
bS    0.9026  0.1875    0.9028  0.1950    0.9257  0.0210   ******* *******
yS    0.8487  0.2258    0.8532  0.2359    0.8898  0.0587   ******* *******
UJ    0.8632  0.1548    0.8540  0.2951    0.8771  0.3785   ******* *******
BJ    0.8744  0.2233    0.8723  0.2721    0.9076  0.1619   ******* *******
VJ    0.8417  0.2275    0.8414  0.2423    0.8789  0.0343   ******* *******
RC    0.7855  0.2070    0.7825  0.2165    0.8130  0.1254   ******* *******
RJ    0.7528  0.2190   99.9999 99.9999   99.9999 99.9999   99.9999 99.9999
IC    0.7053  0.2717    0.7121  0.3031    0.8188  0.2862   ******* *******
IJ    0.6587  0.3118   99.9999 99.9999   99.9999 99.9999   99.9999 99.9999
JJ    0.4911  0.3006    0.5179  0.3987    0.6349  0.4341   ******* *******
HJ   99.9999 99.9999    0.4575  0.3858    0.6509  0.5172   ******* *******
KJ    0.3513  0.2401    0.3851  0.3353    0.5486  0.4648   ******* *******
LJ    0.2596  0.1808   99.9999 99.9999   99.9999 99.9999   99.9999 99.9999
MJ    0.2251  0.1495   99.9999 99.9999   99.9999 99.9999   99.9999 99.9999
NJ    0.1618  0.1163   99.9999 99.9999   99.9999 99.9999   99.9999 99.9999
  
Square-root limb darkening coefficients     
---------------------------------------     
         VanHam93          DiazCo95          Claret00a         Claret00p         ClarHa03   
        s1      s2        s1      s2        s1      s2        s1      s2        s1      s2  
bo   -0.0715  0.6627   99.9999 99.9999   -0.0775  0.6741    0.1367  0.5223   99.9999 99.9999
uS    0.7422  0.1685    0.4139  0.5135    0.3947  0.5317    0.2996  0.6553   ******* *******
vS    0.3406  0.6058    0.2605  0.6749    0.2692  0.6608    0.2890  0.6487   ******* *******
bS    0.4964  0.4687    0.5039  0.4542    0.5473  0.3942    0.8698  0.0653   ******* *******
yS    0.3602  0.5640    0.4024  0.5057    0.4200  0.4811    0.7649  0.1411   ******* *******
UJ    0.5271  0.3872    0.3115  0.6049    0.3063  0.6095    0.1785  0.7684   ******* *******
BJ    0.3904  0.5590    0.3311  0.6036    0.3706  0.5576    0.5965  0.3449   ******* *******
VJ    0.3495  0.5683    0.3523  0.5349    0.3963  0.4943    0.7946  0.0974   ******* *******
RC    0.3367  0.5179   -0.0119  0.6029    0.3798  0.4483    0.5617  0.2809   ******* *******
RJ    0.2775  0.5481   99.9999 99.9999   99.9999 99.9999   99.9999 99.9999   99.9999 99.9999
IC    0.1170  0.6792   -0.0283  0.5003    0.1489  0.6268    0.2886  0.5837   ******* *******
IJ   -0.0159  0.7785   99.9999 99.9999   99.9999 99.9999   99.9999 99.9999   99.9999 99.9999
JJ   -0.1604  0.7512   -0.0665  0.4264   -0.2346  0.8400   -0.1796  0.8989   ******* *******
HJ   99.9999 99.9999   -0.0714  0.3583   -0.2739  0.8170   -0.3128  1.0621   ******* *******
KJ   -0.1682  0.5995   -0.0573  0.2998   -0.2513  0.7111   -0.3239  0.9630   ******* *******
LJ   -0.1319  0.4523   99.9999 99.9999   99.9999 99.9999   99.9999 99.9999   99.9999 99.9999
MJ   -0.0989  0.3738   99.9999 99.9999   99.9999 99.9999   99.9999 99.9999   99.9999 99.9999
NJ   -0.0915  0.2912   99.9999 99.9999   99.9999 99.9999   99.9999 99.9999   99.9999 99.9999
  
================================================================================
  
