================================================================================
Output from JKTLD                      John Southworth   (jkt~astro.keele.ac.uk)
Limb darkening coefficients bilinearly interpolated from published LD tables for
Teff =  3525.0 K    logg = 3.8200 [cm/s^2]    [M/H] =  0.0    Vmicro = 2.0 km/s
--------------------------------------------------------------------------------
'9.9999' indicates unavailable result     '*******' means parameter out of range
Note: the exponential, three-par and four-par laws are not included below. Their
coefficients can be obtained using the option to output results to the terminal.
================================================================================
Linear limb darkening law:  I(mu)/I(0) = 1 - u*(1 - mu)          mu = cos(theta)
Quadratic LD law:           I(mu)/I(0) = 1 - q1*(1 - mu) - q2*(1 - mu)^2        
Logarithmic LD law:         I(mu)/I(0) = 1 - l1*(1 - mu) - l2*mu*ln(mu)         
Square-root LD law:         I(mu)/I(0) = 1 - s1*(1 - mu) - s2*(1 - sqrt[mu])    
Exponential LD law:         I(mu)/I(0) = 1 - e1*(1 - mu) - e2/(1 - exp[mu])     
Sing three-parameter law:   I(mu)/I(0) = 1 - sum_(i=2..4) ti*[1 - mu^(i/2)]     
Claret four-parameter law:  I(mu)/I(0) = 1 - sum_(i=1..4) f_i*[1 - mu^(i/2)]    
--------------------------------------------------------------------------------
Source references for the LD coefficients:                                      
VanHam93a:  Van Hamme (1993AJ....106.2096V)                                     
DiazCo95a:  Diaz-Cordoves+ (1995A+AS..110..329D), Claret+ (1995A+AS..114..247C) 
Claret00a:  Claret (2000A+A...363.1081C)                                        
Claret00p:  Claret (2000A+A...363.1081C)                                        
ClarHa03a:  Claret & Hauschildt (2003A+A...412..241C)                           
Claret04a:  Claret (2004A+A...428.1001C)                                        
Claret04p:  Claret (2004A+A...428.1001C)                                        
Sing2010a:  Sing (2010A+A...510A..21S)                                          
--------------------------------------------------------------------------------
Model atmospheres used by each source:                                          
Source      Mod.atm.    Teffs         logg        [M/H]     Vmicro              
VanHam93a:  ATLAS9   3500 - 50000   0.0 - 5.0      0.0      n/a                 
DiazCo95a:  ATLAS9   3500 - 50000   0.0 - 5.0      0.0      n/a                 
Claret00a:  ATLAS9   3500 - 50000   0.0 - 5.0  -5.0 - +0.5  0,1,2,4,8           
Claret00p:  Phoenix  2000 - 9800    3.5 - 5.0      0.0      2                   
ClarHa03a:  Phoenix  5000 - 10000   3.5 - 5.5      0.0      2                   
Claret04a:  ATLAS9   3500 - 50000   0.0 - 5.0  -5.0 - +1.0  0,1,2,4,8           
Claret04p:  Phoenix  2000 - 9800    3.5 - 5.0      0.0      2                   
Sing2010a:  ATLAS9   3500 - 40000   0.0 - 5.0  -5.0 - +1.0  n/a                 
--------------------------------------------------------------------------------
Available passbands and limb darkening laws:                                    
VanHam93a:  lin      log sqrt                   uvby UBV RcIc RjIj JKLMN        
DiazCo95a:  lin quad     sqrt                   uvby UBV                        
Claret95a:  lin quad     sqrt                            RcIc JHK               
Claret00a:  lin quad log sqrt     4par          uvby UBV RcIc JHK               
Claret00p:  lin quad log sqrt     4par          uvby UBV RcIc JHK               
ClarHa03a:  lin quad log sqrt exp 4par          uvby UBV RcIc JHK               
Claret04a:  lin quad log sqrt     4par          ugriz                           
Claret04p:  lin quad log sqrt     4par          ugriz                           
Sing2010a:  lin quad              4par 3par     CoRoT Kepler                    
================================================================================
  
General overview for linear, log, sqrt laws with quality indicators (VanHam93a):
Passband          u    quality     l1     l2    quality     s1     s2    quality
bo bolometric   0.3538  0.0887   0.5206  0.2502  0.0201  -0.0214  0.6254  0.0081
uS Stromgren u  0.8777  0.0303   0.8745 -0.0054  0.0130   0.8859 -0.0132  0.0132
vS Stromgren v  0.7533  0.0631   0.8619  0.1638  0.0121   0.5080  0.4087  0.0085
bS Stromgren b  0.8462  0.0440   0.8959  0.0743  0.0073   0.7350  0.1856  0.0118
yS Stromgren y  0.7528  0.0515   0.8477  0.1425  0.0094   0.5397  0.3555  0.0085
UJ Johnson U    0.7935  0.0444   0.8571  0.0956  0.0131   0.6500  0.2390  0.0090
BJ Johnson B    0.7839  0.0521   0.8722  0.1323  0.0101   0.5855  0.3312  0.0093
VJ Johnson V    0.7438  0.0515   0.8405  0.1452  0.0091   0.5263  0.3628  0.0086
RC Cousins R    0.6879  0.0512   0.7824  0.1413  0.0126   0.4763  0.3531  0.0082
RJ Johnson R    0.6415  0.0593   0.7518  0.1651  0.0147   0.3935  0.4132  0.0079
IC Cousins I    0.5552  0.0798   0.7096  0.2319  0.0153   0.2076  0.5795  0.0052
IJ Johnson I    0.4822  0.0950   0.6673  0.2782  0.0169   0.0652  0.6947  0.0037
JJ Johnson J    0.3223  0.1007   0.5112  0.2824  0.0233  -0.1013  0.7061  0.0097
KJ Johnson K    0.2205  0.0899   0.3872  0.2496  0.0221  -0.1533  0.6239  0.0102
LJ Johnson L    0.1582  0.0682   0.2821  0.1854  0.0184  -0.1196  0.4640  0.0095
MJ Johnson M    0.1299  0.0513   0.2260  0.1437  0.0122  -0.0855  0.3596  0.0053
NJ Johnson N    0.0881  0.0425   0.1649  0.1147  0.0119  -0.0843  0.2867  0.0064
  
Limb darkening coefficients for the SDSS passbands  (Claret 2004, ATLAS9):      
Passband              u         q1      q2        l1      l1        s1      s2  
Su  Sloan u         0.7858    0.5389  0.2914    0.8604  0.2521    0.3884  0.5261
Sg  Sloan g         0.8120    0.6333  0.2109    0.8661  0.1830    0.5224  0.3833
Sr  Sloan r         0.7676    0.6324  0.1595    0.8094  0.1413    0.5395  0.3019
Si  Sloan i         0.6473    0.4066  0.2842    0.7206  0.2478    0.2532  0.5217
Sz  Sloan z         0.5893    0.2596  0.3891    0.6877  0.3330    0.0672  0.6909
Limb darkening coefficients for the SDSS passbands (Claret 2004, Phoenix):      
Passband              u         q1      q2        l1      l2        s1      s2  
Su  Sloan u         0.8083    0.5382  0.3270    0.8967  0.2866    0.3638  0.5870
Sg  Sloan g         0.9208    0.9752 -0.0658    0.9108 -0.0325    0.9428 -0.0291
Sr  Sloan r         0.8242    0.8312 -0.0084    0.8306  0.0205    0.7598  0.0850
Si  Sloan i         0.7627    0.5996  0.1975    0.8188  0.1818    0.4690  0.3879
Sz  Sloan z         0.7170    0.4201  0.3595    0.8139  0.3138    0.2301  0.6432
  
Limb darkening coefficients for the CoRoT and Kepler passbands (from Sing 2010):
(The CoRoT colour passbands are different for every star so cannot be predicted)
Passband              u         q1      q2        t1      t2      t3            
Co  CoRoT white     0.6991    0.5615  0.1703    1.4176 -1.0684  0.4073
Kp  Kepler          0.7317    0.6287  0.1275    1.2774 -0.8159  0.3136
  
Linear limb darkening coefficients          
----------------------------------          
       VanHam93    DiazCo95    Claret00a   Claret00p   ClarHa03                 
bo      0.3538     99.9999      0.4570      0.5664     99.9999
uS      0.8777      0.7923      0.8098      0.8234     *******
vS      0.7533      0.7674      0.7930      0.8184     *******
bS      0.8462      0.8632      0.8735      0.9601     *******
yS      0.7528      0.7904      0.8078      0.9037     *******
UJ      0.7935      0.7586      0.7828      0.7874     *******
BJ      0.7839      0.7882      0.8180      0.9004     *******
VJ      0.7438      0.7580      0.7934      0.8973     *******
RC      0.6879      0.4509      0.7334      0.7926     *******
RJ      0.6415     99.9999     99.9999     99.9999     99.9999
IC      0.5552      0.3570      0.6367      0.7719     *******
IJ      0.4822     99.9999     99.9999     99.9999     99.9999
JJ      0.3223      0.2611      0.4255      0.5509     *******
HJ     99.9999      0.2024      0.3830      0.5421     *******
KJ      0.2205      0.1753      0.3182      0.4494     *******
LJ      0.1582     99.9999     99.9999     99.9999     99.9999
MJ      0.1299     99.9999     99.9999     99.9999     99.9999
NJ      0.0881     99.9999     99.9999     99.9999     99.9999
  
Quadratic limb darkening coefficients       
-------------------------------------       
         DiazCl93          Claret00a         Claret00p         ClarHa03         
        q1      q2        q1      q2        q1      q2        q1      q2        
bo   99.9999 99.9999    0.1246  0.3924    0.3729  0.2343   99.9999 99.9999
uS    0.6541  0.1795    0.5963  0.2520    0.5690  0.3079   ******* *******
vS    0.5959  0.2230    0.5447  0.2931    0.6138  0.2476   ******* *******
bS    0.7932  0.0909    0.7763  0.1148    1.1100 -0.1816   ******* *******
yS    0.6811  0.1428    0.6462  0.1908    0.9761 -0.0877   ******* *******
UJ    0.5897  0.2204    0.5308  0.2975    0.4694  0.3849   ******* *******
BJ    0.6438  0.1879    0.6231  0.2300    0.8918  0.0103   ******* *******
VJ    0.6278  0.1694    0.6214  0.2029    0.9881 -0.1099   ******* *******
RC    0.2451  0.2689    0.5728  0.1896    0.7422  0.0610   ******* *******
IC    0.1802  0.2299    0.3725  0.3117    0.5906  0.2196   ******* *******
JJ    0.1055  0.2028    0.0634  0.4274    0.1705  0.4605   ******* *******
HJ    0.0686  0.1743    0.0067  0.4442    0.0573  0.5868   ******* *******
KJ    0.0643  0.1448   -0.0100  0.3874    0.0048  0.5381   ******* *******
  
Logarithmic limb darkening coefficients     
---------------------------------------     
         VanHam93          Claret00a         Claret00p         ClarHa03         
        l1      l2        l1      l2        l1      l2        l1      l2        
bo    0.5206  0.2502    0.5261  0.2575    0.6310  0.2091   99.9999 99.9999
uS    0.8745 -0.0054    0.8746  0.2188    0.9066  0.2696   ******* *******
vS    0.8619  0.1638    0.8681  0.2539    0.8881  0.2260   ******* *******
bS    0.8959  0.0743    0.9034  0.1009    0.9215 -0.1249   ******* *******
yS    0.8477  0.1425    0.8566  0.1649    0.8888 -0.0483   ******* *******
UJ    0.8571  0.0956    0.8589  0.2572    0.8907  0.3347   ******* *******
BJ    0.8722  0.1323    0.8769  0.1993    0.9105  0.0328   ******* *******
VJ    0.8405  0.1452    0.8451  0.1749    0.8776 -0.0640   ******* *******
RC    0.7824  0.1413    0.7828  0.1673    0.8163  0.0767   ******* *******
RJ    0.7518  0.1651   99.9999 99.9999   99.9999 99.9999   99.9999 99.9999
IC    0.7096  0.2319    0.7161  0.2689    0.8327  0.1969   ******* *******
IJ    0.6673  0.2782   99.9999 99.9999   99.9999 99.9999   99.9999 99.9999
JJ    0.5112  0.2824    0.5360  0.3734    0.6759  0.4051   ******* *******
HJ   99.9999 99.9999    0.4978  0.3879    0.6995  0.5103   ******* *******
KJ    0.3872  0.2496    0.4185  0.3392    0.5954  0.4734   ******* *******
LJ    0.2821  0.1854   99.9999 99.9999   99.9999 99.9999   99.9999 99.9999
MJ    0.2260  0.1437   99.9999 99.9999   99.9999 99.9999   99.9999 99.9999
NJ    0.1649  0.1147   99.9999 99.9999   99.9999 99.9999   99.9999 99.9999
  
Square-root limb darkening coefficients     
---------------------------------------     
         VanHam93          DiazCo95          Claret00a         Claret00p         ClarHa03   
        s1      s2        s1      s2        s1      s2        s1      s2        s1      s2  
bo   -0.0214  0.6254   99.9999 99.9999   -0.0318  0.6438    0.2345  0.4385   99.9999 99.9999
uS    0.8859 -0.0132    0.5014  0.4126    0.4643  0.4574    0.4055  0.5519   ******* *******
vS    0.5080  0.4087    0.4079  0.5100    0.3928  0.5297    0.4575  0.4766   ******* *******
bS    0.7350  0.1856    0.7171  0.2066    0.7123  0.2135    1.1155 -0.2053   ******* *******
yS    0.5397  0.3555    0.5651  0.3195    0.5473  0.3449    0.9459 -0.0558   ******* *******
UJ    0.6500  0.2390    0.4056  0.5012    0.3775  0.5365    0.2709  0.6822   ******* *******
BJ    0.5855  0.3312    0.4874  0.4272    0.5033  0.4165    0.8232  0.1019   ******* *******
VJ    0.5263  0.3628    0.4892  0.3811    0.5175  0.3652    0.9597 -0.0823   ******* *******
RC    0.4763  0.3531    0.0338  0.5962    0.4643  0.3561    0.6457  0.1940   ******* *******
RJ    0.3935  0.4132   99.9999 99.9999   99.9999 99.9999   99.9999 99.9999   99.9999 99.9999
IC    0.2076  0.5795   -0.0047  0.5189    0.2122  0.5617    0.4599  0.4121   ******* *******
IJ    0.0652  0.6947   99.9999 99.9999   99.9999 99.9999   99.9999 99.9999   99.9999 99.9999
JJ   -0.1013  0.7061   -0.0601  0.4619   -0.1686  0.7865   -0.0830  0.8372   ******* *******
HJ   99.9999 99.9999   -0.0752  0.4017   -0.2343  0.8172   -0.2468  1.0419   ******* *******
KJ   -0.1533  0.6239   -0.0559  0.3322   -0.2228  0.7161   -0.2900  0.9766   ******* *******
LJ   -0.1196  0.4640   99.9999 99.9999   99.9999 99.9999   99.9999 99.9999   99.9999 99.9999
MJ   -0.0855  0.3596   99.9999 99.9999   99.9999 99.9999   99.9999 99.9999   99.9999 99.9999
NJ   -0.0843  0.2867   99.9999 99.9999   99.9999 99.9999   99.9999 99.9999   99.9999 99.9999
  
================================================================================
  
