================================================================================
Output from JKTLD                      John Southworth   (jkt~astro.keele.ac.uk)
Limb darkening coefficients bilinearly interpolated from published LD tables for
Teff =  3525.0 K    logg = 3.8800 [cm/s^2]    [M/H] =  0.0    Vmicro = 2.0 km/s
--------------------------------------------------------------------------------
'9.9999' indicates unavailable result     '*******' means parameter out of range
Note: the exponential, three-par and four-par laws are not included below. Their
coefficients can be obtained using the option to output results to the terminal.
================================================================================
Linear limb darkening law:  I(mu)/I(0) = 1 - u*(1 - mu)          mu = cos(theta)
Quadratic LD law:           I(mu)/I(0) = 1 - q1*(1 - mu) - q2*(1 - mu)^2        
Logarithmic LD law:         I(mu)/I(0) = 1 - l1*(1 - mu) - l2*mu*ln(mu)         
Square-root LD law:         I(mu)/I(0) = 1 - s1*(1 - mu) - s2*(1 - sqrt[mu])    
Exponential LD law:         I(mu)/I(0) = 1 - e1*(1 - mu) - e2/(1 - exp[mu])     
Sing three-parameter law:   I(mu)/I(0) = 1 - sum_(i=2..4) ti*[1 - mu^(i/2)]     
Claret four-parameter law:  I(mu)/I(0) = 1 - sum_(i=1..4) f_i*[1 - mu^(i/2)]    
--------------------------------------------------------------------------------
Source references for the LD coefficients:                                      
VanHam93a:  Van Hamme (1993AJ....106.2096V)                                     
DiazCo95a:  Diaz-Cordoves+ (1995A+AS..110..329D), Claret+ (1995A+AS..114..247C) 
Claret00a:  Claret (2000A+A...363.1081C)                                        
Claret00p:  Claret (2000A+A...363.1081C)                                        
ClarHa03a:  Claret & Hauschildt (2003A+A...412..241C)                           
Claret04a:  Claret (2004A+A...428.1001C)                                        
Claret04p:  Claret (2004A+A...428.1001C)                                        
Sing2010a:  Sing (2010A+A...510A..21S)                                          
--------------------------------------------------------------------------------
Model atmospheres used by each source:                                          
Source      Mod.atm.    Teffs         logg        [M/H]     Vmicro              
VanHam93a:  ATLAS9   3500 - 50000   0.0 - 5.0      0.0      n/a                 
DiazCo95a:  ATLAS9   3500 - 50000   0.0 - 5.0      0.0      n/a                 
Claret00a:  ATLAS9   3500 - 50000   0.0 - 5.0  -5.0 - +0.5  0,1,2,4,8           
Claret00p:  Phoenix  2000 - 9800    3.5 - 5.0      0.0      2                   
ClarHa03a:  Phoenix  5000 - 10000   3.5 - 5.5      0.0      2                   
Claret04a:  ATLAS9   3500 - 50000   0.0 - 5.0  -5.0 - +1.0  0,1,2,4,8           
Claret04p:  Phoenix  2000 - 9800    3.5 - 5.0      0.0      2                   
Sing2010a:  ATLAS9   3500 - 40000   0.0 - 5.0  -5.0 - +1.0  n/a                 
--------------------------------------------------------------------------------
Available passbands and limb darkening laws:                                    
VanHam93a:  lin      log sqrt                   uvby UBV RcIc RjIj JKLMN        
DiazCo95a:  lin quad     sqrt                   uvby UBV                        
Claret95a:  lin quad     sqrt                            RcIc JHK               
Claret00a:  lin quad log sqrt     4par          uvby UBV RcIc JHK               
Claret00p:  lin quad log sqrt     4par          uvby UBV RcIc JHK               
ClarHa03a:  lin quad log sqrt exp 4par          uvby UBV RcIc JHK               
Claret04a:  lin quad log sqrt     4par          ugriz                           
Claret04p:  lin quad log sqrt     4par          ugriz                           
Sing2010a:  lin quad              4par 3par     CoRoT Kepler                    
================================================================================
  
General overview for linear, log, sqrt laws with quality indicators (VanHam93a):
Passband          u    quality     l1     l2    quality     s1     s2    quality
bo bolometric   0.3462  0.0900   0.5157  0.2543  0.0202  -0.0353  0.6358  0.0080
uS Stromgren u  0.8678  0.0306   0.8787  0.0157  0.0114   0.8445  0.0393  0.0106
vS Stromgren v  0.7391  0.0679   0.8632  0.1868  0.0112   0.4594  0.4663  0.0073
bS Stromgren b  0.8271  0.0475   0.8984  0.1068  0.0061   0.6672  0.2667  0.0105
yS Stromgren y  0.7378  0.0572   0.8484  0.1661  0.0085   0.4893  0.4146  0.0075
UJ Johnson U    0.7839  0.0471   0.8591  0.1128  0.0119   0.6144  0.2823  0.0071
BJ Johnson B    0.7675  0.0578   0.8733  0.1585  0.0091   0.5297  0.3970  0.0081
VJ Johnson V    0.7291  0.0573   0.8413  0.1685  0.0082   0.4767  0.4209  0.0078
RC Cousins R    0.6769  0.0555   0.7835  0.1595  0.0116   0.4381  0.3987  0.0068
RJ Johnson R    0.6321  0.0630   0.7523  0.1799  0.0138   0.3619  0.4502  0.0065
IC Cousins I    0.5470  0.0827   0.7086  0.2428  0.0147   0.1829  0.6069  0.0043
IJ Johnson I    0.4739  0.0977   0.6651  0.2877  0.0166   0.0427  0.7182  0.0031
JJ Johnson J    0.3132  0.1026   0.5058  0.2879  0.0237  -0.1184  0.7196  0.0098
KJ Johnson K    0.2123  0.0893   0.3772  0.2471  0.0225  -0.1576  0.6173  0.0107
LJ Johnson L    0.1527  0.0680   0.2758  0.1843  0.0186  -0.1233  0.4612  0.0098
MJ Johnson M    0.1287  0.0518   0.2258  0.1453  0.0122  -0.0891  0.3635  0.0052
NJ Johnson N    0.0868  0.0427   0.1641  0.1151  0.0119  -0.0863  0.2880  0.0064
  
Limb darkening coefficients for the SDSS passbands  (Claret 2004, ATLAS9):      
Passband              u         q1      q2        l1      l1        s1      s2  
Su  Sloan u         0.7815    0.5222  0.3060    0.8594  0.2634    0.3676  0.5479
Sg  Sloan g         0.8049    0.6044  0.2367    0.8650  0.2030    0.4862  0.4218
Sr  Sloan r         0.7632    0.6106  0.1800    0.8095  0.1567    0.5133  0.3307
Si  Sloan i         0.6441    0.3939  0.2953    0.7198  0.2561    0.2381  0.5373
Sz  Sloan z         0.5844    0.2447  0.4009    0.6856  0.3424    0.0487  0.7091
Limb darkening coefficients for the SDSS passbands (Claret 2004, Phoenix):      
Passband              u         q1      q2        l1      l2        s1      s2  
Su  Sloan u         0.8007    0.5165  0.3440    0.8934  0.3005    0.3357  0.6141
Sg  Sloan g         0.9109    0.9302 -0.0234    0.9110  0.0002    0.8871  0.0314
Sr  Sloan r         0.8207    0.8152  0.0067    0.8304  0.0311    0.7425  0.1033
Si  Sloan i         0.7543    0.5723  0.2203    0.8160  0.1999    0.4348  0.4220
Sz  Sloan z         0.7043    0.3866  0.3847    0.8077  0.3349    0.1858  0.6849
  
Limb darkening coefficients for the CoRoT and Kepler passbands (from Sing 2010):
(The CoRoT colour passbands are different for every star so cannot be predicted)
Passband              u         q1      q2        t1      t2      t3            
Co  CoRoT white     0.6940    0.5415  0.1888    1.4324 -1.0637  0.3863
Kp  Kepler          0.7269    0.6076  0.1475    1.2859 -0.7942  0.2818
  
Linear limb darkening coefficients          
----------------------------------          
       VanHam93    DiazCo95    Claret00a   Claret00p   ClarHa03                 
bo      0.3462     99.9999      0.4507      0.5579     99.9999
uS      0.8678      0.7879      0.8062      0.8159     *******
vS      0.7391      0.7588      0.7862      0.8081     *******
bS      0.8271      0.8526      0.8658      0.9498     *******
yS      0.7378      0.7820      0.8013      0.8958     *******
UJ      0.7839      0.7528      0.7785      0.7800     *******
BJ      0.7675      0.7793      0.8109      0.8892     *******
VJ      0.7291      0.7503      0.7870      0.8903     *******
RC      0.6769      0.4409      0.7295      0.7881     *******
RJ      0.6321     99.9999     99.9999     99.9999     99.9999
IC      0.5470      0.3490      0.6329      0.7613     *******
IJ      0.4739     99.9999     99.9999     99.9999     99.9999
JJ      0.3132      0.2547      0.4184      0.5379     *******
HJ     99.9999      0.1972      0.3720      0.5295     *******
KJ      0.2123      0.1708      0.3091      0.4382     *******
LJ      0.1527     99.9999     99.9999     99.9999     99.9999
MJ      0.1287     99.9999     99.9999     99.9999     99.9999
NJ      0.0868     99.9999     99.9999     99.9999     99.9999
  
Quadratic limb darkening coefficients       
-------------------------------------       
         DiazCl93          Claret00a         Claret00p         ClarHa03         
        q1      q2        q1      q2        q1      q2        q1      q2        
bo   99.9999 99.9999    0.1146  0.3968    0.3526  0.2484   99.9999 99.9999
uS    0.6389  0.1936    0.5804  0.2664    0.5465  0.3262   ******* *******
vS    0.5699  0.2456    0.5174  0.3173    0.5782  0.2783   ******* *******
bS    0.7565  0.1249    0.7397  0.1488    1.0590 -0.1323   ******* *******
yS    0.6533  0.1680    0.6180  0.2163    0.9390 -0.0523   ******* *******
UJ    0.5728  0.2349    0.5145  0.3116    0.4492  0.4004   ******* *******
BJ    0.6162  0.2120    0.5936  0.2564    0.8439  0.0548   ******* *******
VJ    0.6039  0.1904    0.5945  0.2272    0.9547 -0.0780   ******* *******
RC    0.2344  0.2699    0.5540  0.2071    0.7253  0.0760   ******* *******
IC    0.1742  0.2272    0.3587  0.3236    0.5562  0.2483   ******* *******
JJ    0.1026  0.1982    0.0493  0.4357    0.1507  0.4687   ******* *******
HJ    0.0680  0.1685   -0.0032  0.4429    0.0435  0.5882   ******* *******
KJ    0.0632  0.1405   -0.0176  0.3857   -0.0038  0.5350   ******* *******
  
Logarithmic limb darkening coefficients     
---------------------------------------     
         VanHam93          Claret00a         Claret00p         ClarHa03         
        l1      l2        l1      l2        l1      l2        l1      l2        
bo    0.5157  0.2543    0.5207  0.2608    0.6259  0.2204   99.9999 99.9999
uS    0.8787  0.0157    0.8742  0.2298    0.9037  0.2845   ******* *******
vS    0.8632  0.1868    0.8669  0.2731    0.8855  0.2507   ******* *******
bS    0.8984  0.1068    0.9035  0.1272    0.9228 -0.0871   ******* *******
yS    0.8484  0.1661    0.8558  0.1846    0.8892 -0.0214   ******* *******
UJ    0.8591  0.1128    0.8578  0.2681    0.8872  0.3475   ******* *******
BJ    0.8733  0.1585    0.8759  0.2200    0.9100  0.0675   ******* *******
VJ    0.8413  0.1685    0.8443  0.1936    0.8780 -0.0400   ******* *******
RC    0.7835  0.1595    0.7828  0.1804    0.8152  0.0876   ******* *******
RJ    0.7523  0.1799   99.9999 99.9999   99.9999 99.9999   99.9999 99.9999
IC    0.7086  0.2428    0.7151  0.2780    0.8292  0.2201   ******* *******
IJ    0.6651  0.2877   99.9999 99.9999   99.9999 99.9999   99.9999 99.9999
JJ    0.5058  0.2879    0.5310  0.3806    0.6651  0.4126   ******* *******
HJ   99.9999 99.9999    0.4867  0.3875    0.6876  0.5124   ******* *******
KJ    0.3772  0.2471    0.4092  0.3383    0.5836  0.4712   ******* *******
LJ    0.2758  0.1843   99.9999 99.9999   99.9999 99.9999   99.9999 99.9999
MJ    0.2258  0.1453   99.9999 99.9999   99.9999 99.9999   99.9999 99.9999
NJ    0.1641  0.1151   99.9999 99.9999   99.9999 99.9999   99.9999 99.9999
  
Square-root limb darkening coefficients     
---------------------------------------     
         VanHam93          DiazCo95          Claret00a         Claret00p         ClarHa03   
        s1      s2        s1      s2        s1      s2        s1      s2        s1      s2  
bo   -0.0353  0.6358   99.9999 99.9999   -0.0442  0.6519    0.2098  0.4597   99.9999 99.9999
uS    0.8445  0.0393    0.4770  0.4410    0.4447  0.4785    0.3760  0.5810   ******* *******
vS    0.4594  0.4663    0.3656  0.5576    0.3576  0.5673    0.4111  0.5243   ******* *******
bS    0.6672  0.2667    0.6572  0.2766    0.6665  0.2639    1.0525 -0.1356   ******* *******
yS    0.4893  0.4146    0.5200  0.3714    0.5122  0.3825    0.9008 -0.0066   ******* *******
UJ    0.6144  0.2823    0.3789  0.5310    0.3573  0.5576    0.2444  0.7073   ******* *******
BJ    0.5297  0.3970    0.4430  0.4777    0.4660  0.4565    0.7627  0.1671   ******* *******
VJ    0.4767  0.4209    0.4510  0.4244    0.4842  0.4009    0.9196 -0.0387   ******* *******
RC    0.4381  0.3987    0.0216  0.5999    0.4419  0.3807    0.6267  0.2133   ******* *******
RJ    0.3619  0.4502   99.9999 99.9999   99.9999 99.9999   99.9999 99.9999   99.9999 99.9999
IC    0.1829  0.6069   -0.0090  0.5146    0.1954  0.5791    0.4159  0.4563   ******* *******
IJ    0.0427  0.7182   99.9999 99.9999   99.9999 99.9999   99.9999 99.9999   99.9999 99.9999
JJ   -0.1184  0.7196   -0.0594  0.4530   -0.1872  0.8016   -0.1081  0.8531   ******* *******
HJ   99.9999 99.9999   -0.0711  0.3900   -0.2456  0.8176   -0.2637  1.0476   ******* *******
KJ   -0.1576  0.6173   -0.0536  0.3236   -0.2311  0.7152   -0.2984  0.9730   ******* *******
LJ   -0.1233  0.4612   99.9999 99.9999   99.9999 99.9999   99.9999 99.9999   99.9999 99.9999
MJ   -0.0891  0.3635   99.9999 99.9999   99.9999 99.9999   99.9999 99.9999   99.9999 99.9999
NJ   -0.0863  0.2880   99.9999 99.9999   99.9999 99.9999   99.9999 99.9999   99.9999 99.9999
  
================================================================================
  
