================================================================================
Output from JKTLD                      John Southworth   (jkt~astro.keele.ac.uk)
Limb darkening coefficients bilinearly interpolated from published LD tables for
Teff =  3525.0 K    logg = 4.0100 [cm/s^2]    [M/H] =  0.0    Vmicro = 2.0 km/s
--------------------------------------------------------------------------------
'9.9999' indicates unavailable result     '*******' means parameter out of range
Note: the exponential, three-par and four-par laws are not included below. Their
coefficients can be obtained using the option to output results to the terminal.
================================================================================
Linear limb darkening law:  I(mu)/I(0) = 1 - u*(1 - mu)          mu = cos(theta)
Quadratic LD law:           I(mu)/I(0) = 1 - q1*(1 - mu) - q2*(1 - mu)^2        
Logarithmic LD law:         I(mu)/I(0) = 1 - l1*(1 - mu) - l2*mu*ln(mu)         
Square-root LD law:         I(mu)/I(0) = 1 - s1*(1 - mu) - s2*(1 - sqrt[mu])    
Exponential LD law:         I(mu)/I(0) = 1 - e1*(1 - mu) - e2/(1 - exp[mu])     
Sing three-parameter law:   I(mu)/I(0) = 1 - sum_(i=2..4) ti*[1 - mu^(i/2)]     
Claret four-parameter law:  I(mu)/I(0) = 1 - sum_(i=1..4) f_i*[1 - mu^(i/2)]    
--------------------------------------------------------------------------------
Source references for the LD coefficients:                                      
VanHam93a:  Van Hamme (1993AJ....106.2096V)                                     
DiazCo95a:  Diaz-Cordoves+ (1995A+AS..110..329D), Claret+ (1995A+AS..114..247C) 
Claret00a:  Claret (2000A+A...363.1081C)                                        
Claret00p:  Claret (2000A+A...363.1081C)                                        
ClarHa03a:  Claret & Hauschildt (2003A+A...412..241C)                           
Claret04a:  Claret (2004A+A...428.1001C)                                        
Claret04p:  Claret (2004A+A...428.1001C)                                        
Sing2010a:  Sing (2010A+A...510A..21S)                                          
--------------------------------------------------------------------------------
Model atmospheres used by each source:                                          
Source      Mod.atm.    Teffs         logg        [M/H]     Vmicro              
VanHam93a:  ATLAS9   3500 - 50000   0.0 - 5.0      0.0      n/a                 
DiazCo95a:  ATLAS9   3500 - 50000   0.0 - 5.0      0.0      n/a                 
Claret00a:  ATLAS9   3500 - 50000   0.0 - 5.0  -5.0 - +0.5  0,1,2,4,8           
Claret00p:  Phoenix  2000 - 9800    3.5 - 5.0      0.0      2                   
ClarHa03a:  Phoenix  5000 - 10000   3.5 - 5.5      0.0      2                   
Claret04a:  ATLAS9   3500 - 50000   0.0 - 5.0  -5.0 - +1.0  0,1,2,4,8           
Claret04p:  Phoenix  2000 - 9800    3.5 - 5.0      0.0      2                   
Sing2010a:  ATLAS9   3500 - 40000   0.0 - 5.0  -5.0 - +1.0  n/a                 
--------------------------------------------------------------------------------
Available passbands and limb darkening laws:                                    
VanHam93a:  lin      log sqrt                   uvby UBV RcIc RjIj JKLMN        
DiazCo95a:  lin quad     sqrt                   uvby UBV                        
Claret95a:  lin quad     sqrt                            RcIc JHK               
Claret00a:  lin quad log sqrt     4par          uvby UBV RcIc JHK               
Claret00p:  lin quad log sqrt     4par          uvby UBV RcIc JHK               
ClarHa03a:  lin quad log sqrt exp 4par          uvby UBV RcIc JHK               
Claret04a:  lin quad log sqrt     4par          ugriz                           
Claret04p:  lin quad log sqrt     4par          ugriz                           
Sing2010a:  lin quad              4par 3par     CoRoT Kepler                    
================================================================================
  
General overview for linear, log, sqrt laws with quality indicators (VanHam93a):
Passband          u    quality     l1     l2    quality     s1     s2    quality
bo bolometric   0.3301  0.0928   0.5055  0.2629  0.0204  -0.0647  0.6578  0.0078
uS Stromgren u  0.8473  0.0314   0.8873  0.0595  0.0080   0.7584  0.1484  0.0055
vS Stromgren v  0.7096  0.0781   0.8655  0.2343  0.0095   0.3585  0.5855  0.0050
bS Stromgren b  0.7870  0.0554   0.9032  0.1743  0.0035   0.5257  0.4355  0.0080
yS Stromgren y  0.7063  0.0692   0.8496  0.2154  0.0066   0.3837  0.5380  0.0058
UJ Johnson U    0.7639  0.0529   0.8632  0.1486  0.0096   0.5404  0.3720  0.0034
BJ Johnson B    0.7331  0.0698   0.8754  0.2131  0.0072   0.4134  0.5337  0.0058
VJ Johnson V    0.6981  0.0693   0.8426  0.2172  0.0063   0.3728  0.5425  0.0062
RC Cousins R    0.6535  0.0648   0.7858  0.1977  0.0095   0.3574  0.4946  0.0040
RJ Johnson R    0.6122  0.0707   0.7532  0.2111  0.0119   0.2951  0.5283  0.0037
IC Cousins I    0.5295  0.0889   0.7064  0.2659  0.0136   0.1308  0.6646  0.0026
IJ Johnson I    0.4564  0.1034   0.6605  0.3075  0.0161  -0.0045  0.7674  0.0017
JJ Johnson J    0.2943  0.1066   0.4943  0.2991  0.0246  -0.1539  0.7474  0.0102
KJ Johnson K    0.1951  0.0882   0.3562  0.2417  0.0234  -0.1665  0.6033  0.0119
LJ Johnson L    0.1412  0.0676   0.2627  0.1818  0.0192  -0.1310  0.4549  0.0104
MJ Johnson M    0.1262  0.0528   0.2254  0.1487  0.0122  -0.0967  0.3717  0.0050
NJ Johnson N    0.0841  0.0431   0.1624  0.1160  0.0121  -0.0905  0.2906  0.0066
  
Limb darkening coefficients for the SDSS passbands  (Claret 2004, ATLAS9):      
Passband              u         q1      q2        l1      l1        s1      s2  
Su  Sloan u         0.7722    0.4873  0.3363    0.8570  0.2869    0.3242  0.5931
Sg  Sloan g         0.7900    0.5440  0.2904    0.8624  0.2448    0.4105  0.5023
Sr  Sloan r         0.7538    0.5645  0.2234    0.8098  0.1894    0.4578  0.3918
Si  Sloan i         0.6372    0.3671  0.3188    0.7182  0.2739    0.2059  0.5708
Sz  Sloan z         0.5741    0.2134  0.4257    0.6812  0.3621    0.0094  0.7474
Limb darkening coefficients for the SDSS passbands (Claret 2004, Phoenix):      
Passband              u         q1      q2        l1      l2        s1      s2  
Su  Sloan u         0.7845    0.4709  0.3797    0.8862  0.3295    0.2766  0.6708
Sg  Sloan g         0.8896    0.8341  0.0672    0.9112  0.0701    0.7676  0.1610
Sr  Sloan r         0.8130    0.7793  0.0408    0.8301  0.0554    0.7029  0.1453
Si  Sloan i         0.7362    0.5135  0.2695    0.8098  0.2388    0.3609  0.4955
Sz  Sloan z         0.6771    0.3152  0.4382    0.7943  0.3798    0.0914  0.7736
  
Limb darkening coefficients for the CoRoT and Kepler passbands (from Sing 2010):
(The CoRoT colour passbands are different for every star so cannot be predicted)
Passband              u         q1      q2        t1      t2      t3            
Co  CoRoT white     0.6833    0.4991  0.2280    1.4673 -1.0614  0.3459
Kp  Kepler          0.7164    0.5629  0.1899    1.3080 -0.7568  0.2192
  
Linear limb darkening coefficients          
----------------------------------          
       VanHam93    DiazCo95    Claret00a   Claret00p   ClarHa03                 
bo      0.3301     99.9999      0.4375      0.5393     99.9999
uS      0.8473      0.7786      0.7985      0.8001     *******
vS      0.7096      0.7406      0.7719      0.7863     *******
bS      0.7870      0.8304      0.8494      0.9276     *******
yS      0.7063      0.7642      0.7873      0.8786     *******
UJ      0.7639      0.7405      0.7693      0.7643     *******
BJ      0.7331      0.7606      0.7958      0.8652     *******
VJ      0.6981      0.7339      0.7736      0.8749     *******
RC      0.6535      0.4198      0.7211      0.7784     *******
RJ      0.6122     99.9999     99.9999     99.9999     99.9999
IC      0.5295      0.3324      0.6249      0.7386     *******
IJ      0.4564     99.9999     99.9999     99.9999     99.9999
JJ      0.2943      0.2416      0.4034      0.5100     *******
HJ     99.9999      0.1869      0.3489      0.5022     *******
KJ      0.1951      0.1618      0.2902      0.4142     *******
LJ      0.1412     99.9999     99.9999     99.9999     99.9999
MJ      0.1262     99.9999     99.9999     99.9999     99.9999
NJ      0.0841     99.9999     99.9999     99.9999     99.9999
  
Quadratic limb darkening coefficients       
-------------------------------------       
         DiazCl93          Claret00a         Claret00p         ClarHa03         
        q1      q2        q1      q2        q1      q2        q1      q2        
bo   99.9999 99.9999    0.0934  0.4061    0.3090  0.2787   99.9999 99.9999
uS    0.6071  0.2231    0.5473  0.2965    0.4991  0.3643   ******* *******
vS    0.5157  0.2926    0.4605  0.3676    0.5033  0.3425   ******* *******
bS    0.6796  0.1956    0.6630  0.2201    0.9497 -0.0269   ******* *******
yS    0.5948  0.2208    0.5587  0.2698    0.8587  0.0240   ******* *******
UJ    0.5375  0.2650    0.4805  0.3410    0.4070  0.4325   ******* *******
BJ    0.5587  0.2623    0.5318  0.3115    0.7421  0.1490   ******* *******
VJ    0.5538  0.2343    0.5379  0.2781    0.8820 -0.0086   ******* *******
RC    0.2118  0.2720    0.5142  0.2444    0.6879  0.1095   ******* *******
IC    0.1611  0.2226    0.3292  0.3489    0.4826  0.3099   ******* *******
JJ    0.0962  0.1896    0.0197  0.4529    0.1082  0.4864   ******* *******
HJ    0.0663  0.1576   -0.0239  0.4401    0.0139  0.5911   ******* *******
KJ    0.0602  0.1327   -0.0334  0.3820   -0.0223  0.5282   ******* *******
  
Logarithmic limb darkening coefficients     
---------------------------------------     
         VanHam93          Claret00a         Claret00p         ClarHa03         
        l1      l2        l1      l2        l1      l2        l1      l2        
bo    0.5055  0.2629    0.5094  0.2677    0.6147  0.2446   99.9999 99.9999
uS    0.8873  0.0595    0.8733  0.2529    0.8975  0.3157   ******* *******
vS    0.8655  0.2343    0.8645  0.3131    0.8797  0.3027   ******* *******
bS    0.9032  0.1743    0.9035  0.1824    0.9256 -0.0061   ******* *******
yS    0.8496  0.2154    0.8541  0.2260    0.8899  0.0368   ******* *******
UJ    0.8632  0.1486    0.8554  0.2909    0.8796  0.3740   ******* *******
BJ    0.8754  0.2131    0.8736  0.2632    0.9088  0.1412   ******* *******
VJ    0.8426  0.2172    0.8424  0.2329    0.8787  0.0124   ******* *******
RC    0.7858  0.1977    0.7828  0.2084    0.8130  0.1122   ******* *******
RJ    0.7532  0.2111   99.9999 99.9999   99.9999 99.9999   99.9999 99.9999
IC    0.7064  0.2659    0.7129  0.2974    0.8218  0.2696   ******* *******
IJ    0.6605  0.3075   99.9999 99.9999   99.9999 99.9999   99.9999 99.9999
JJ    0.4943  0.2991    0.5204  0.3956    0.6422  0.4286   ******* *******
HJ   99.9999 99.9999    0.4633  0.3866    0.6616  0.5167   ******* *******
KJ    0.3562  0.2417    0.3898  0.3363    0.5581  0.4665   ******* *******
LJ    0.2627  0.1818   99.9999 99.9999   99.9999 99.9999   99.9999 99.9999
MJ    0.2254  0.1487   99.9999 99.9999   99.9999 99.9999   99.9999 99.9999
NJ    0.1624  0.1160   99.9999 99.9999   99.9999 99.9999   99.9999 99.9999
  
Square-root limb darkening coefficients     
---------------------------------------     
         VanHam93          DiazCo95          Claret00a         Claret00p         ClarHa03   
        s1      s2        s1      s2        s1      s2        s1      s2        s1      s2  
bo   -0.0647  0.6578   99.9999 99.9999   -0.0705  0.6691    0.1565  0.5055   99.9999 99.9999
uS    0.7584  0.1484    0.4257  0.5006    0.4037  0.5226    0.3141  0.6419   ******* *******
vS    0.3585  0.5855    0.2777  0.6565    0.2841  0.6456    0.3133  0.6247   ******* *******
bS    0.5257  0.4355    0.5318  0.4228    0.5702  0.3696    0.9170  0.0140   ******* *******
yS    0.3837  0.5380    0.4253  0.4802    0.4385  0.4617    0.8029  0.1000   ******* *******
UJ    0.5404  0.3720    0.3232  0.5930    0.3150  0.6015    0.1893  0.7594   ******* *******
BJ    0.4134  0.5337    0.3503  0.5829    0.3878  0.5400    0.6340  0.3053   ******* *******
VJ    0.3728  0.5425    0.3709  0.5149    0.4140  0.4760    0.8320  0.0566   ******* *******
RC    0.3574  0.4946   -0.0043  0.6067    0.3940  0.4330    0.5841  0.2567   ******* *******
RJ    0.2951  0.5283   99.9999 99.9999   99.9999 99.9999   99.9999 99.9999   99.9999 99.9999
IC    0.1308  0.6646   -0.0194  0.5050    0.1596  0.6159    0.3213  0.5512   ******* *******
IJ   -0.0045  0.7674   99.9999 99.9999   99.9999 99.9999   99.9999 99.9999   99.9999 99.9999
JJ   -0.1539  0.7474   -0.0594  0.4336   -0.2261  0.8333   -0.1617  0.8872   ******* *******
HJ   99.9999 99.9999   -0.0642  0.3652   -0.2692  0.8182   -0.3000  1.0596   ******* *******
KJ   -0.1665  0.6033   -0.0503  0.3051   -0.2483  0.7129   -0.3168  0.9655   ******* *******
LJ   -0.1310  0.4549   99.9999 99.9999   99.9999 99.9999   99.9999 99.9999   99.9999 99.9999
MJ   -0.0967  0.3717   99.9999 99.9999   99.9999 99.9999   99.9999 99.9999   99.9999 99.9999
NJ   -0.0905  0.2906   99.9999 99.9999   99.9999 99.9999   99.9999 99.9999   99.9999 99.9999
  
================================================================================
  
