================================================================================
Output from JKTLD                      John Southworth   (jkt~astro.keele.ac.uk)
Limb darkening coefficients bilinearly interpolated from published LD tables for
Teff =  3777.0 K    logg = 4.0100 [cm/s^2]    [M/H] =  0.0    Vmicro = 2.0 km/s
--------------------------------------------------------------------------------
'9.9999' indicates unavailable result     '*******' means parameter out of range
Note: the exponential, three-par and four-par laws are not included below. Their
coefficients can be obtained using the option to output results to the terminal.
================================================================================
Linear limb darkening law:  I(mu)/I(0) = 1 - u*(1 - mu)          mu = cos(theta)
Quadratic LD law:           I(mu)/I(0) = 1 - q1*(1 - mu) - q2*(1 - mu)^2        
Logarithmic LD law:         I(mu)/I(0) = 1 - l1*(1 - mu) - l2*mu*ln(mu)         
Square-root LD law:         I(mu)/I(0) = 1 - s1*(1 - mu) - s2*(1 - sqrt[mu])    
Exponential LD law:         I(mu)/I(0) = 1 - e1*(1 - mu) - e2/(1 - exp[mu])     
Sing three-parameter law:   I(mu)/I(0) = 1 - sum_(i=2..4) ti*[1 - mu^(i/2)]     
Claret four-parameter law:  I(mu)/I(0) = 1 - sum_(i=1..4) f_i*[1 - mu^(i/2)]    
--------------------------------------------------------------------------------
Source references for the LD coefficients:                                      
VanHam93a:  Van Hamme (1993AJ....106.2096V)                                     
DiazCo95a:  Diaz-Cordoves+ (1995A+AS..110..329D), Claret+ (1995A+AS..114..247C) 
Claret00a:  Claret (2000A+A...363.1081C)                                        
Claret00p:  Claret (2000A+A...363.1081C)                                        
ClarHa03a:  Claret & Hauschildt (2003A+A...412..241C)                           
Claret04a:  Claret (2004A+A...428.1001C)                                        
Claret04p:  Claret (2004A+A...428.1001C)                                        
Sing2010a:  Sing (2010A+A...510A..21S)                                          
--------------------------------------------------------------------------------
Model atmospheres used by each source:                                          
Source      Mod.atm.    Teffs         logg        [M/H]     Vmicro              
VanHam93a:  ATLAS9   3500 - 50000   0.0 - 5.0      0.0      n/a                 
DiazCo95a:  ATLAS9   3500 - 50000   0.0 - 5.0      0.0      n/a                 
Claret00a:  ATLAS9   3500 - 50000   0.0 - 5.0  -5.0 - +0.5  0,1,2,4,8           
Claret00p:  Phoenix  2000 - 9800    3.5 - 5.0      0.0      2                   
ClarHa03a:  Phoenix  5000 - 10000   3.5 - 5.5      0.0      2                   
Claret04a:  ATLAS9   3500 - 50000   0.0 - 5.0  -5.0 - +1.0  0,1,2,4,8           
Claret04p:  Phoenix  2000 - 9800    3.5 - 5.0      0.0      2                   
Sing2010a:  ATLAS9   3500 - 40000   0.0 - 5.0  -5.0 - +1.0  n/a                 
--------------------------------------------------------------------------------
Available passbands and limb darkening laws:                                    
VanHam93a:  lin      log sqrt                   uvby UBV RcIc RjIj JKLMN        
DiazCo95a:  lin quad     sqrt                   uvby UBV                        
Claret95a:  lin quad     sqrt                            RcIc JHK               
Claret00a:  lin quad log sqrt     4par          uvby UBV RcIc JHK               
Claret00p:  lin quad log sqrt     4par          uvby UBV RcIc JHK               
ClarHa03a:  lin quad log sqrt exp 4par          uvby UBV RcIc JHK               
Claret04a:  lin quad log sqrt     4par          ugriz                           
Claret04p:  lin quad log sqrt     4par          ugriz                           
Sing2010a:  lin quad              4par 3par     CoRoT Kepler                    
================================================================================
  
General overview for linear, log, sqrt laws with quality indicators (VanHam93a):
Passband          u    quality     l1     l2    quality     s1     s2    quality
bo bolometric   0.4185  0.0766   0.5642  0.2174  0.0164   0.0924  0.5443  0.0060
uS Stromgren u  0.9680  0.0567   0.8190 -0.2236  0.0268   1.3027 -0.5581  0.0374
vS Stromgren v  0.8334  0.0261   0.8234 -0.0147  0.0178   0.8547 -0.0359  0.0185
bS Stromgren b  0.8789  0.0164   0.8591 -0.0298  0.0127   0.9245 -0.0754  0.0143
yS Stromgren y  0.7678  0.0337   0.8197  0.0778  0.0116   0.6512  0.1945  0.0081
UJ Johnson U    0.8607  0.0261   0.8071 -0.0794  0.0234   0.9793 -0.1990  0.0271
BJ Johnson B    0.8331  0.0238   0.8340  0.0019  0.0150   0.8307  0.0042  0.0150
VJ Johnson V    0.7484  0.0379   0.8125  0.0962  0.0114   0.6041  0.2403  0.0069
RC Cousins R    0.6924  0.0447   0.7757  0.1254  0.0113   0.5039  0.3130  0.0059
RJ Johnson R    0.6558  0.0492   0.7473  0.1369  0.0127   0.4504  0.3433  0.0066
IC Cousins I    0.5651  0.0669   0.6939  0.1939  0.0136   0.2747  0.4844  0.0048
IJ Johnson I    0.5003  0.0770   0.6500  0.2245  0.0143   0.1631  0.5616  0.0037
JJ Johnson J    0.3741  0.0835   0.5335  0.2392  0.0168   0.0157  0.5984  0.0053
KJ Johnson K    0.2597  0.0925   0.4347  0.2630  0.0198  -0.1348  0.6574  0.0071
LJ Johnson L    0.1864  0.0689   0.3143  0.1921  0.0165  -0.1013  0.4799  0.0072
MJ Johnson M    0.1404  0.0477   0.2309  0.1343  0.0108  -0.0607  0.3364  0.0044
NJ Johnson N    0.0958  0.0381   0.1668  0.1055  0.0093  -0.0629  0.2643  0.0042
  
Limb darkening coefficients for the SDSS passbands  (Claret 2004, ATLAS9):      
Passband              u         q1      q2        l1      l1        s1      s2  
Su  Sloan u         0.7850    0.6571  0.1511    0.8282  0.1460    0.5376  0.3277
Sg  Sloan g         0.8091    0.7228  0.1019    0.8384  0.0990    0.6402  0.2236
Sr  Sloan r         0.7698    0.6382  0.1554    0.8105  0.1375    0.5480  0.2937
Si  Sloan i         0.6585    0.4523  0.2434    0.7218  0.2136    0.3166  0.4526
Sz  Sloan z         0.5806    0.2971  0.3346    0.6655  0.2872    0.1292  0.5973
Limb darkening coefficients for the SDSS passbands (Claret 2004, Phoenix):      
Passband              u         q1      q2        l1      l2        s1      s2  
Su  Sloan u         0.7696    0.5650  0.2477    0.8402  0.2289    0.3997  0.4886
Sg  Sloan g         0.9223    1.0831 -0.1946    0.8807 -0.1351    1.0908 -0.2224
Sr  Sloan r         0.8639    1.0770 -0.2579    0.8091 -0.1779    1.0827 -0.2890
Si  Sloan i         0.7713    0.7100  0.0741    0.7959  0.0797    0.6283  0.1889
Sz  Sloan z         0.7107    0.4730  0.2877    0.7877  0.2497    0.3248  0.5097
  
Limb darkening coefficients for the CoRoT and Kepler passbands (from Sing 2010):
(The CoRoT colour passbands are different for every star so cannot be predicted)
Passband              u         q1      q2        t1      t2      t3            
Co  CoRoT white     0.6997    0.5721  0.1578    1.3789 -1.0175  0.3923
Kp  Kepler          0.7272    0.6146  0.1393    1.2945 -0.8314  0.3103
  
Linear limb darkening coefficients          
----------------------------------          
       VanHam93    DiazCo95    Claret00a   Claret00p   ClarHa03                 
bo      0.4185     99.9999      0.5079      0.5966     99.9999
uS      0.9680      0.8054      0.8120      0.7841     *******
vS      0.8334      0.8085      0.8199      0.8248     *******
bS      0.8789      0.8692      0.8719      0.9642     *******
yS      0.7678      0.7883      0.8019      0.9287     *******
UJ      0.8607      0.7665      0.7811      0.7415     *******
BJ      0.8331      0.8086      0.8239      0.9066     *******
VJ      0.7484      0.7554      0.7832      0.9277     *******
RC      0.6924      0.4186      0.7399      0.8261     *******
RJ      0.6558     99.9999     99.9999     99.9999     99.9999
IC      0.5651      0.3324      0.6375      0.7716     *******
IJ      0.5003     99.9999     99.9999     99.9999     99.9999
JJ      0.3741      0.2394      0.4642      0.5743     *******
HJ     99.9999      0.1848      0.4345      0.5399     *******
KJ      0.2597      0.1606      0.3614      0.4545     *******
LJ      0.1864     99.9999     99.9999     99.9999     99.9999
MJ      0.1404     99.9999     99.9999     99.9999     99.9999
NJ      0.0958     99.9999     99.9999     99.9999     99.9999
  
Quadratic limb darkening coefficients       
-------------------------------------       
         DiazCl93          Claret00a         Claret00p         ClarHa03         
        q1      q2        q1      q2        q1      q2        q1      q2        
bo   99.9999 99.9999    0.2113  0.3500    0.4116  0.2240   99.9999 99.9999
uS    0.7986  0.0086    0.7320  0.0944    0.5779  0.2496   ******* *******
vS    0.7813  0.0364    0.7409  0.0932    0.7486  0.0922   ******* *******
bS    0.8832 -0.0186    0.8607  0.0133    1.2043 -0.2907   ******* *******
yS    0.7242  0.0832    0.6903  0.1317    1.1479 -0.2654   ******* *******
UJ    0.7067  0.0772    0.6458  0.1596    0.4624  0.3379   ******* *******
BJ    0.7753  0.0429    0.7488  0.0886    1.0181 -0.1348   ******* *******
VJ    0.6823  0.0946    0.6496  0.1577    1.1782 -0.3033   ******* *******
RC    0.2118  0.2696    0.5893  0.1776    0.9653 -0.1685   ******* *******
IC    0.1632  0.2211    0.4027  0.2771    0.6573  0.1383   ******* *******
JJ    0.0952  0.1881    0.1620  0.3567    0.2582  0.3826   ******* *******
HJ    0.0657  0.1543    0.0516  0.4519    0.0865  0.5489   ******* *******
KJ    0.0595  0.1312    0.0253  0.3968    0.0504  0.4893   ******* *******
  
Logarithmic limb darkening coefficients     
---------------------------------------     
         VanHam93          Claret00a         Claret00p         ClarHa03         
        l1      l2        l1      l2        l1      l2        l1      l2        
bo    0.5642  0.2174    0.5710  0.2334    0.6562  0.1934   99.9999 99.9999
uS    0.8190 -0.2236    0.8418  0.1006    0.8549  0.2296   ******* *******
vS    0.8234 -0.0147    0.8480  0.0949    0.8564  0.1023   ******* *******
bS    0.8591 -0.0298    0.8792  0.0243    0.8992 -0.2106   ******* *******
yS    0.8197  0.0778    0.8372  0.1194    0.8696 -0.1916   ******* *******
UJ    0.8071 -0.0794    0.8263  0.1530    0.8345  0.3016   ******* *******
BJ    0.8340  0.0019    0.8502  0.0892    0.8812 -0.0825   ******* *******
VJ    0.8125  0.0962    0.8249  0.1409    0.8598 -0.2200   ******* *******
RC    0.7757  0.1254    0.7863  0.1570    0.7935 -0.1057   ******* *******
RJ    0.7473  0.1369   99.9999 99.9999   99.9999 99.9999   99.9999 99.9999
IC    0.6939  0.1939    0.7085  0.2397    0.8106  0.1262   ******* *******
IJ    0.6500  0.2245   99.9999 99.9999   99.9999 99.9999   99.9999 99.9999
JJ    0.5335  0.2392    0.5554  0.3086    0.6776  0.3352   ******* *******
HJ   99.9999 99.9999    0.5499  0.3903    0.6868  0.4759   ******* *******
KJ    0.4347  0.2630    0.4632  0.3444    0.5867  0.4287   ******* *******
LJ    0.3143  0.1921   99.9999 99.9999   99.9999 99.9999   99.9999 99.9999
MJ    0.2309  0.1343   99.9999 99.9999   99.9999 99.9999   99.9999 99.9999
NJ    0.1668  0.1055   99.9999 99.9999   99.9999 99.9999   99.9999 99.9999
  
Square-root limb darkening coefficients     
---------------------------------------     
         VanHam93          DiazCo95          Claret00a         Claret00p         ClarHa03   
        s1      s2        s1      s2        s1      s2        s1      s2        s1      s2  
bo    0.0924  0.5443   99.9999 99.9999    0.0654  0.5834    0.2980  0.3944   99.9999 99.9999
uS    1.3027 -0.5581    0.7584  0.0666    0.6321  0.2380    0.4143  0.4884   ******* *******
vS    0.8547 -0.0359    0.7282  0.1147    0.6545  0.2190    0.6417  0.2418   ******* *******
bS    0.9245 -0.0754    0.8809 -0.0159    0.8191  0.0700    1.2400 -0.3644   ******* *******
yS    0.6512  0.1945    0.6494  0.1969    0.6068  0.2583    1.1779 -0.3293   ******* *******
UJ    0.9793 -0.1990    0.6209  0.2065    0.5228  0.3419    0.2654  0.6288   ******* *******
BJ    0.8307  0.0042    0.7205  0.1240    0.6691  0.2049    0.9942 -0.1156   ******* *******
VJ    0.6041  0.2403    0.5960  0.2260    0.5551  0.3021    1.2155 -0.3801   ******* *******
RC    0.5039  0.3130   -0.0020  0.6030    0.4869  0.3349    0.9399 -0.1504   ******* *******
RJ    0.4504  0.3433   99.9999 99.9999   99.9999 99.9999   99.9999 99.9999   99.9999 99.9999
IC    0.2747  0.4844   -0.0150  0.4982    0.2580  0.5023    0.5679  0.2690   ******* *******
IJ    0.1631  0.5616   99.9999 99.9999   99.9999 99.9999   99.9999 99.9999   99.9999 99.9999
JJ    0.0157  0.5984   -0.0588  0.4274   -0.0232  0.6451    0.0522  0.6896   ******* *******
HJ   99.9999 99.9999   -0.0616  0.3555   -0.1814  0.8152   -0.1943  0.9699   ******* *******
KJ   -0.1348  0.6574   -0.0488  0.3006   -0.1838  0.7218   -0.2130  0.8816   ******* *******
LJ   -0.1013  0.4799   99.9999 99.9999   99.9999 99.9999   99.9999 99.9999   99.9999 99.9999
MJ   -0.0607  0.3364   99.9999 99.9999   99.9999 99.9999   99.9999 99.9999   99.9999 99.9999
NJ   -0.0629  0.2643   99.9999 99.9999   99.9999 99.9999   99.9999 99.9999   99.9999 99.9999
  
================================================================================
  
